  [1m[36m (32.2ms)[0m  [1mCREATE TABLE "schema_migrations" ("version" character varying NOT NULL) [0m
  [1m[35m (4.2ms)[0m  CREATE UNIQUE INDEX  "unique_schema_migrations" ON "schema_migrations"  ("version")
  [1m[36mActiveRecord::SchemaMigration Load (1.8ms)[0m  [1mSELECT "schema_migrations".* FROM "schema_migrations"[0m
Migrating to CreateRecommendations (20150530191441)
  [1m[35m (2.0ms)[0m  BEGIN
  [1m[36m (24.3ms)[0m  [1mCREATE TABLE "recommendations" ("id" serial primary key, "user_id" integer, "matchOne" text, "matchTwo" text) [0m
  [1m[35mSQL (2.0ms)[0m  INSERT INTO "schema_migrations" ("version") VALUES ($1)  [["version", "20150530191441"]]
  [1m[36m (2.5ms)[0m  [1mCOMMIT[0m
  [1m[35mActiveRecord::SchemaMigration Load (0.3ms)[0m  SELECT "schema_migrations".* FROM "schema_migrations"
  [1m[36m (233.4ms)[0m  [1mSELECT t2.oid::regclass::text AS to_table, a1.attname AS column, a2.attname AS primary_key, c.conname AS name, c.confupdtype AS on_update, c.confdeltype AS on_delete
FROM pg_constraint c
JOIN pg_class t1 ON c.conrelid = t1.oid
JOIN pg_class t2 ON c.confrelid = t2.oid
JOIN pg_attribute a1 ON a1.attnum = c.conkey[1] AND a1.attrelid = t1.oid
JOIN pg_attribute a2 ON a2.attnum = c.confkey[1] AND a2.attrelid = t2.oid
JOIN pg_namespace t3 ON c.connamespace = t3.oid
WHERE c.contype = 'f'
  AND t1.relname = 'recommendations'
  AND t3.nspname = ANY (current_schemas(false))
ORDER BY c.conname
[0m
  [1m[36mActiveRecord::SchemaMigration Load (0.5ms)[0m  [1mSELECT "schema_migrations".* FROM "schema_migrations"[0m
Migrating to CreateComments (20150530192149)
  [1m[35m (0.1ms)[0m  BEGIN
  [1m[36m (12.5ms)[0m  [1mCREATE TABLE "comments" ("id" serial primary key, "recommendation_id" integer, "body" text) [0m
  [1m[35mSQL (1.7ms)[0m  INSERT INTO "schema_migrations" ("version") VALUES ($1)  [["version", "20150530192149"]]
  [1m[36m (1.8ms)[0m  [1mCOMMIT[0m
  [1m[35mActiveRecord::SchemaMigration Load (0.4ms)[0m  SELECT "schema_migrations".* FROM "schema_migrations"
  [1m[36m (3.9ms)[0m  [1mSELECT t2.oid::regclass::text AS to_table, a1.attname AS column, a2.attname AS primary_key, c.conname AS name, c.confupdtype AS on_update, c.confdeltype AS on_delete
FROM pg_constraint c
JOIN pg_class t1 ON c.conrelid = t1.oid
JOIN pg_class t2 ON c.confrelid = t2.oid
JOIN pg_attribute a1 ON a1.attnum = c.conkey[1] AND a1.attrelid = t1.oid
JOIN pg_attribute a2 ON a2.attnum = c.confkey[1] AND a2.attrelid = t2.oid
JOIN pg_namespace t3 ON c.connamespace = t3.oid
WHERE c.contype = 'f'
  AND t1.relname = 'comments'
  AND t3.nspname = ANY (current_schemas(false))
ORDER BY c.conname
[0m
  [1m[35m (3.2ms)[0m  SELECT t2.oid::regclass::text AS to_table, a1.attname AS column, a2.attname AS primary_key, c.conname AS name, c.confupdtype AS on_update, c.confdeltype AS on_delete
FROM pg_constraint c
JOIN pg_class t1 ON c.conrelid = t1.oid
JOIN pg_class t2 ON c.confrelid = t2.oid
JOIN pg_attribute a1 ON a1.attnum = c.conkey[1] AND a1.attrelid = t1.oid
JOIN pg_attribute a2 ON a2.attnum = c.confkey[1] AND a2.attrelid = t2.oid
JOIN pg_namespace t3 ON c.connamespace = t3.oid
WHERE c.contype = 'f'
  AND t1.relname = 'recommendations'
  AND t3.nspname = ANY (current_schemas(false))
ORDER BY c.conname

  [1m[36mActiveRecord::SchemaMigration Load (0.8ms)[0m  [1mSELECT "schema_migrations".* FROM "schema_migrations"[0m
Migrating to CreateProfiles (20150530192451)
  [1m[35m (0.1ms)[0m  BEGIN
  [1m[36m (13.6ms)[0m  [1mCREATE TABLE "profiles" ("id" serial primary key, "user_id" integer, "name" text, "photo_url" text, "city" text, "interests" text, "about_me" text) [0m
  [1m[35mSQL (1.6ms)[0m  INSERT INTO "schema_migrations" ("version") VALUES ($1)  [["version", "20150530192451"]]
  [1m[36m (2.0ms)[0m  [1mCOMMIT[0m
  [1m[35mActiveRecord::SchemaMigration Load (0.3ms)[0m  SELECT "schema_migrations".* FROM "schema_migrations"
  [1m[36m (4.1ms)[0m  [1mSELECT t2.oid::regclass::text AS to_table, a1.attname AS column, a2.attname AS primary_key, c.conname AS name, c.confupdtype AS on_update, c.confdeltype AS on_delete
FROM pg_constraint c
JOIN pg_class t1 ON c.conrelid = t1.oid
JOIN pg_class t2 ON c.confrelid = t2.oid
JOIN pg_attribute a1 ON a1.attnum = c.conkey[1] AND a1.attrelid = t1.oid
JOIN pg_attribute a2 ON a2.attnum = c.confkey[1] AND a2.attrelid = t2.oid
JOIN pg_namespace t3 ON c.connamespace = t3.oid
WHERE c.contype = 'f'
  AND t1.relname = 'comments'
  AND t3.nspname = ANY (current_schemas(false))
ORDER BY c.conname
[0m
  [1m[35m (9.5ms)[0m  SELECT t2.oid::regclass::text AS to_table, a1.attname AS column, a2.attname AS primary_key, c.conname AS name, c.confupdtype AS on_update, c.confdeltype AS on_delete
FROM pg_constraint c
JOIN pg_class t1 ON c.conrelid = t1.oid
JOIN pg_class t2 ON c.confrelid = t2.oid
JOIN pg_attribute a1 ON a1.attnum = c.conkey[1] AND a1.attrelid = t1.oid
JOIN pg_attribute a2 ON a2.attnum = c.confkey[1] AND a2.attrelid = t2.oid
JOIN pg_namespace t3 ON c.connamespace = t3.oid
WHERE c.contype = 'f'
  AND t1.relname = 'profiles'
  AND t3.nspname = ANY (current_schemas(false))
ORDER BY c.conname

  [1m[36m (4.9ms)[0m  [1mSELECT t2.oid::regclass::text AS to_table, a1.attname AS column, a2.attname AS primary_key, c.conname AS name, c.confupdtype AS on_update, c.confdeltype AS on_delete
FROM pg_constraint c
JOIN pg_class t1 ON c.conrelid = t1.oid
JOIN pg_class t2 ON c.confrelid = t2.oid
JOIN pg_attribute a1 ON a1.attnum = c.conkey[1] AND a1.attrelid = t1.oid
JOIN pg_attribute a2 ON a2.attnum = c.confkey[1] AND a2.attrelid = t2.oid
JOIN pg_namespace t3 ON c.connamespace = t3.oid
WHERE c.contype = 'f'
  AND t1.relname = 'recommendations'
  AND t3.nspname = ANY (current_schemas(false))
ORDER BY c.conname
[0m
  [1m[36mActiveRecord::SchemaMigration Load (2.1ms)[0m  [1mSELECT "schema_migrations".* FROM "schema_migrations"[0m
Migrating to DeviseCreateUsers (20150530193445)
  [1m[35m (0.2ms)[0m  BEGIN
DEPRECATION WARNING: `#timestamp` was called without specifying an option for `null`. In Rails 5, this behavior will change to `null: false`. You should manually specify `null: true` to prevent the behavior of your existing migrations from changing. (called from block in change at /Users/haleighharper/WDI/project4/ga_project4_tickletush_dating_app/db/migrate/20150530193445_devise_create_users.rb:34)
  [1m[36m (11.0ms)[0m  [1mCREATE TABLE "users" ("id" serial primary key, "email" character varying DEFAULT '' NOT NULL, "encrypted_password" character varying DEFAULT '' NOT NULL, "reset_password_token" character varying, "reset_password_sent_at" timestamp, "remember_created_at" timestamp, "sign_in_count" integer DEFAULT 0 NOT NULL, "current_sign_in_at" timestamp, "last_sign_in_at" timestamp, "current_sign_in_ip" inet, "last_sign_in_ip" inet, "created_at" timestamp, "updated_at" timestamp) [0m
  [1m[35m (2.1ms)[0m  CREATE UNIQUE INDEX  "index_users_on_email" ON "users"  ("email")
  [1m[36m (2.0ms)[0m  [1mCREATE UNIQUE INDEX  "index_users_on_reset_password_token" ON "users"  ("reset_password_token")[0m
  [1m[35mSQL (0.2ms)[0m  INSERT INTO "schema_migrations" ("version") VALUES ($1)  [["version", "20150530193445"]]
  [1m[36m (1.5ms)[0m  [1mCOMMIT[0m
  [1m[35mActiveRecord::SchemaMigration Load (0.2ms)[0m  SELECT "schema_migrations".* FROM "schema_migrations"
  [1m[36m (4.2ms)[0m  [1mSELECT t2.oid::regclass::text AS to_table, a1.attname AS column, a2.attname AS primary_key, c.conname AS name, c.confupdtype AS on_update, c.confdeltype AS on_delete
FROM pg_constraint c
JOIN pg_class t1 ON c.conrelid = t1.oid
JOIN pg_class t2 ON c.confrelid = t2.oid
JOIN pg_attribute a1 ON a1.attnum = c.conkey[1] AND a1.attrelid = t1.oid
JOIN pg_attribute a2 ON a2.attnum = c.confkey[1] AND a2.attrelid = t2.oid
JOIN pg_namespace t3 ON c.connamespace = t3.oid
WHERE c.contype = 'f'
  AND t1.relname = 'comments'
  AND t3.nspname = ANY (current_schemas(false))
ORDER BY c.conname
[0m
  [1m[35m (3.4ms)[0m  SELECT t2.oid::regclass::text AS to_table, a1.attname AS column, a2.attname AS primary_key, c.conname AS name, c.confupdtype AS on_update, c.confdeltype AS on_delete
FROM pg_constraint c
JOIN pg_class t1 ON c.conrelid = t1.oid
JOIN pg_class t2 ON c.confrelid = t2.oid
JOIN pg_attribute a1 ON a1.attnum = c.conkey[1] AND a1.attrelid = t1.oid
JOIN pg_attribute a2 ON a2.attnum = c.confkey[1] AND a2.attrelid = t2.oid
JOIN pg_namespace t3 ON c.connamespace = t3.oid
WHERE c.contype = 'f'
  AND t1.relname = 'profiles'
  AND t3.nspname = ANY (current_schemas(false))
ORDER BY c.conname

  [1m[36m (3.2ms)[0m  [1mSELECT t2.oid::regclass::text AS to_table, a1.attname AS column, a2.attname AS primary_key, c.conname AS name, c.confupdtype AS on_update, c.confdeltype AS on_delete
FROM pg_constraint c
JOIN pg_class t1 ON c.conrelid = t1.oid
JOIN pg_class t2 ON c.confrelid = t2.oid
JOIN pg_attribute a1 ON a1.attnum = c.conkey[1] AND a1.attrelid = t1.oid
JOIN pg_attribute a2 ON a2.attnum = c.confkey[1] AND a2.attrelid = t2.oid
JOIN pg_namespace t3 ON c.connamespace = t3.oid
WHERE c.contype = 'f'
  AND t1.relname = 'recommendations'
  AND t3.nspname = ANY (current_schemas(false))
ORDER BY c.conname
[0m
  [1m[35m (3.9ms)[0m  SELECT t2.oid::regclass::text AS to_table, a1.attname AS column, a2.attname AS primary_key, c.conname AS name, c.confupdtype AS on_update, c.confdeltype AS on_delete
FROM pg_constraint c
JOIN pg_class t1 ON c.conrelid = t1.oid
JOIN pg_class t2 ON c.confrelid = t2.oid
JOIN pg_attribute a1 ON a1.attnum = c.conkey[1] AND a1.attrelid = t1.oid
JOIN pg_attribute a2 ON a2.attnum = c.confkey[1] AND a2.attrelid = t2.oid
JOIN pg_namespace t3 ON c.connamespace = t3.oid
WHERE c.contype = 'f'
  AND t1.relname = 'users'
  AND t3.nspname = ANY (current_schemas(false))
ORDER BY c.conname



Started GET "/" for ::1 at 2015-05-30 15:40:15 -0400
  [1m[36mActiveRecord::SchemaMigration Load (0.6ms)[0m  [1mSELECT "schema_migrations".* FROM "schema_migrations"[0m

ActionController::RoutingError (uninitialized constant HomeController):
  activesupport (4.2.1) lib/active_support/inflector/methods.rb:261:in `const_get'
  activesupport (4.2.1) lib/active_support/inflector/methods.rb:261:in `block in constantize'
  activesupport (4.2.1) lib/active_support/inflector/methods.rb:259:in `each'
  activesupport (4.2.1) lib/active_support/inflector/methods.rb:259:in `inject'
  activesupport (4.2.1) lib/active_support/inflector/methods.rb:259:in `constantize'
  actionpack (4.2.1) lib/action_dispatch/routing/route_set.rb:70:in `controller_reference'
  actionpack (4.2.1) lib/action_dispatch/routing/route_set.rb:60:in `controller'
  actionpack (4.2.1) lib/action_dispatch/routing/route_set.rb:39:in `serve'
  actionpack (4.2.1) lib/action_dispatch/journey/router.rb:43:in `block in serve'
  actionpack (4.2.1) lib/action_dispatch/journey/router.rb:30:in `each'
  actionpack (4.2.1) lib/action_dispatch/journey/router.rb:30:in `serve'
  actionpack (4.2.1) lib/action_dispatch/routing/route_set.rb:819:in `call'
  warden (1.2.3) lib/warden/manager.rb:35:in `block in call'
  warden (1.2.3) lib/warden/manager.rb:34:in `catch'
  warden (1.2.3) lib/warden/manager.rb:34:in `call'
  rack (1.6.1) lib/rack/etag.rb:24:in `call'
  rack (1.6.1) lib/rack/conditionalget.rb:25:in `call'
  rack (1.6.1) lib/rack/head.rb:13:in `call'
  actionpack (4.2.1) lib/action_dispatch/middleware/params_parser.rb:27:in `call'
  actionpack (4.2.1) lib/action_dispatch/middleware/flash.rb:260:in `call'
  rack (1.6.1) lib/rack/session/abstract/id.rb:225:in `context'
  rack (1.6.1) lib/rack/session/abstract/id.rb:220:in `call'
  actionpack (4.2.1) lib/action_dispatch/middleware/cookies.rb:560:in `call'
  activerecord (4.2.1) lib/active_record/query_cache.rb:36:in `call'
  activerecord (4.2.1) lib/active_record/connection_adapters/abstract/connection_pool.rb:649:in `call'
  activerecord (4.2.1) lib/active_record/migration.rb:378:in `call'
  actionpack (4.2.1) lib/action_dispatch/middleware/callbacks.rb:29:in `block in call'
  activesupport (4.2.1) lib/active_support/callbacks.rb:88:in `call'
  activesupport (4.2.1) lib/active_support/callbacks.rb:88:in `_run_callbacks'
  activesupport (4.2.1) lib/active_support/callbacks.rb:776:in `_run_call_callbacks'
  activesupport (4.2.1) lib/active_support/callbacks.rb:81:in `run_callbacks'
  actionpack (4.2.1) lib/action_dispatch/middleware/callbacks.rb:27:in `call'
  actionpack (4.2.1) lib/action_dispatch/middleware/reloader.rb:73:in `call'
  actionpack (4.2.1) lib/action_dispatch/middleware/remote_ip.rb:78:in `call'
  actionpack (4.2.1) lib/action_dispatch/middleware/debug_exceptions.rb:17:in `call'
  web-console (2.1.2) lib/web_console/middleware.rb:37:in `call'
  actionpack (4.2.1) lib/action_dispatch/middleware/show_exceptions.rb:30:in `call'
  railties (4.2.1) lib/rails/rack/logger.rb:38:in `call_app'
  railties (4.2.1) lib/rails/rack/logger.rb:20:in `block in call'
  activesupport (4.2.1) lib/active_support/tagged_logging.rb:68:in `block in tagged'
  activesupport (4.2.1) lib/active_support/tagged_logging.rb:26:in `tagged'
  activesupport (4.2.1) lib/active_support/tagged_logging.rb:68:in `tagged'
  railties (4.2.1) lib/rails/rack/logger.rb:20:in `call'
  actionpack (4.2.1) lib/action_dispatch/middleware/request_id.rb:21:in `call'
  rack (1.6.1) lib/rack/methodoverride.rb:22:in `call'
  rack (1.6.1) lib/rack/runtime.rb:18:in `call'
  activesupport (4.2.1) lib/active_support/cache/strategy/local_cache_middleware.rb:28:in `call'
  rack (1.6.1) lib/rack/lock.rb:17:in `call'
  actionpack (4.2.1) lib/action_dispatch/middleware/static.rb:113:in `call'
  rack (1.6.1) lib/rack/sendfile.rb:113:in `call'
  railties (4.2.1) lib/rails/engine.rb:518:in `call'
  railties (4.2.1) lib/rails/application.rb:164:in `call'
  rack (1.6.1) lib/rack/lock.rb:17:in `call'
  rack (1.6.1) lib/rack/content_length.rb:15:in `call'
  rack (1.6.1) lib/rack/handler/webrick.rb:89:in `service'
  /Users/haleighharper/.rvm/rubies/ruby-2.1.2/lib/ruby/2.1.0/webrick/httpserver.rb:138:in `service'
  /Users/haleighharper/.rvm/rubies/ruby-2.1.2/lib/ruby/2.1.0/webrick/httpserver.rb:94:in `run'
  /Users/haleighharper/.rvm/rubies/ruby-2.1.2/lib/ruby/2.1.0/webrick/server.rb:295:in `block in start_thread'


  Rendered /Users/haleighharper/.rvm/gems/ruby-2.1.2/gems/actionpack-4.2.1/lib/action_dispatch/middleware/templates/rescues/_trace.html.erb (2.3ms)
  Rendered /Users/haleighharper/.rvm/gems/ruby-2.1.2/gems/actionpack-4.2.1/lib/action_dispatch/middleware/templates/routes/_route.html.erb (1.5ms)
  Rendered /Users/haleighharper/.rvm/gems/ruby-2.1.2/gems/actionpack-4.2.1/lib/action_dispatch/middleware/templates/routes/_table.html.erb (22.4ms)
  Rendered /Users/haleighharper/.rvm/gems/ruby-2.1.2/gems/actionpack-4.2.1/lib/action_dispatch/middleware/templates/rescues/_request_and_response.html.erb (15.3ms)
  Rendered /Users/haleighharper/.rvm/gems/ruby-2.1.2/gems/actionpack-4.2.1/lib/action_dispatch/middleware/templates/rescues/routing_error.html.erb within rescues/layout (244.8ms)
  Rendered /Users/haleighharper/.rvm/gems/ruby-2.1.2/gems/web-console-2.1.2/lib/web_console/templates/_markup.html.erb (0.8ms)
  Rendered /Users/haleighharper/.rvm/gems/ruby-2.1.2/gems/web-console-2.1.2/lib/web_console/templates/style.css.erb within layouts/inlined_string (0.4ms)
  Rendered /Users/haleighharper/.rvm/gems/ruby-2.1.2/gems/web-console-2.1.2/lib/web_console/templates/_inner_console_markup.html.erb within layouts/inlined_string (0.4ms)
  Rendered /Users/haleighharper/.rvm/gems/ruby-2.1.2/gems/web-console-2.1.2/lib/web_console/templates/_prompt_box_markup.html.erb within layouts/inlined_string (0.5ms)
  Rendered /Users/haleighharper/.rvm/gems/ruby-2.1.2/gems/web-console-2.1.2/lib/web_console/templates/console.js.erb within layouts/javascript (31.3ms)
  Rendered /Users/haleighharper/.rvm/gems/ruby-2.1.2/gems/web-console-2.1.2/lib/web_console/templates/main.js.erb within layouts/javascript (0.3ms)
  Rendered /Users/haleighharper/.rvm/gems/ruby-2.1.2/gems/web-console-2.1.2/lib/web_console/templates/error_page.js.erb within layouts/javascript (0.4ms)
  Rendered /Users/haleighharper/.rvm/gems/ruby-2.1.2/gems/web-console-2.1.2/lib/web_console/templates/index.html.erb (62.2ms)


Started GET "/" for ::1 at 2015-05-30 15:40:54 -0400

ActionController::RoutingError (uninitialized constant WelcomeController):
  activesupport (4.2.1) lib/active_support/inflector/methods.rb:261:in `const_get'
  activesupport (4.2.1) lib/active_support/inflector/methods.rb:261:in `block in constantize'
  activesupport (4.2.1) lib/active_support/inflector/methods.rb:259:in `each'
  activesupport (4.2.1) lib/active_support/inflector/methods.rb:259:in `inject'
  activesupport (4.2.1) lib/active_support/inflector/methods.rb:259:in `constantize'
  actionpack (4.2.1) lib/action_dispatch/routing/route_set.rb:70:in `controller_reference'
  actionpack (4.2.1) lib/action_dispatch/routing/route_set.rb:60:in `controller'
  actionpack (4.2.1) lib/action_dispatch/routing/route_set.rb:39:in `serve'
  actionpack (4.2.1) lib/action_dispatch/journey/router.rb:43:in `block in serve'
  actionpack (4.2.1) lib/action_dispatch/journey/router.rb:30:in `each'
  actionpack (4.2.1) lib/action_dispatch/journey/router.rb:30:in `serve'
  actionpack (4.2.1) lib/action_dispatch/routing/route_set.rb:819:in `call'
  warden (1.2.3) lib/warden/manager.rb:35:in `block in call'
  warden (1.2.3) lib/warden/manager.rb:34:in `catch'
  warden (1.2.3) lib/warden/manager.rb:34:in `call'
  rack (1.6.1) lib/rack/etag.rb:24:in `call'
  rack (1.6.1) lib/rack/conditionalget.rb:25:in `call'
  rack (1.6.1) lib/rack/head.rb:13:in `call'
  actionpack (4.2.1) lib/action_dispatch/middleware/params_parser.rb:27:in `call'
  actionpack (4.2.1) lib/action_dispatch/middleware/flash.rb:260:in `call'
  rack (1.6.1) lib/rack/session/abstract/id.rb:225:in `context'
  rack (1.6.1) lib/rack/session/abstract/id.rb:220:in `call'
  actionpack (4.2.1) lib/action_dispatch/middleware/cookies.rb:560:in `call'
  activerecord (4.2.1) lib/active_record/query_cache.rb:36:in `call'
  activerecord (4.2.1) lib/active_record/connection_adapters/abstract/connection_pool.rb:649:in `call'
  activerecord (4.2.1) lib/active_record/migration.rb:378:in `call'
  actionpack (4.2.1) lib/action_dispatch/middleware/callbacks.rb:29:in `block in call'
  activesupport (4.2.1) lib/active_support/callbacks.rb:88:in `call'
  activesupport (4.2.1) lib/active_support/callbacks.rb:88:in `_run_callbacks'
  activesupport (4.2.1) lib/active_support/callbacks.rb:776:in `_run_call_callbacks'
  activesupport (4.2.1) lib/active_support/callbacks.rb:81:in `run_callbacks'
  actionpack (4.2.1) lib/action_dispatch/middleware/callbacks.rb:27:in `call'
  actionpack (4.2.1) lib/action_dispatch/middleware/reloader.rb:73:in `call'
  actionpack (4.2.1) lib/action_dispatch/middleware/remote_ip.rb:78:in `call'
  actionpack (4.2.1) lib/action_dispatch/middleware/debug_exceptions.rb:17:in `call'
  web-console (2.1.2) lib/web_console/middleware.rb:37:in `call'
  actionpack (4.2.1) lib/action_dispatch/middleware/show_exceptions.rb:30:in `call'
  railties (4.2.1) lib/rails/rack/logger.rb:38:in `call_app'
  railties (4.2.1) lib/rails/rack/logger.rb:20:in `block in call'
  activesupport (4.2.1) lib/active_support/tagged_logging.rb:68:in `block in tagged'
  activesupport (4.2.1) lib/active_support/tagged_logging.rb:26:in `tagged'
  activesupport (4.2.1) lib/active_support/tagged_logging.rb:68:in `tagged'
  railties (4.2.1) lib/rails/rack/logger.rb:20:in `call'
  actionpack (4.2.1) lib/action_dispatch/middleware/request_id.rb:21:in `call'
  rack (1.6.1) lib/rack/methodoverride.rb:22:in `call'
  rack (1.6.1) lib/rack/runtime.rb:18:in `call'
  activesupport (4.2.1) lib/active_support/cache/strategy/local_cache_middleware.rb:28:in `call'
  rack (1.6.1) lib/rack/lock.rb:17:in `call'
  actionpack (4.2.1) lib/action_dispatch/middleware/static.rb:113:in `call'
  rack (1.6.1) lib/rack/sendfile.rb:113:in `call'
  railties (4.2.1) lib/rails/engine.rb:518:in `call'
  railties (4.2.1) lib/rails/application.rb:164:in `call'
  rack (1.6.1) lib/rack/lock.rb:17:in `call'
  rack (1.6.1) lib/rack/content_length.rb:15:in `call'
  rack (1.6.1) lib/rack/handler/webrick.rb:89:in `service'
  /Users/haleighharper/.rvm/rubies/ruby-2.1.2/lib/ruby/2.1.0/webrick/httpserver.rb:138:in `service'
  /Users/haleighharper/.rvm/rubies/ruby-2.1.2/lib/ruby/2.1.0/webrick/httpserver.rb:94:in `run'
  /Users/haleighharper/.rvm/rubies/ruby-2.1.2/lib/ruby/2.1.0/webrick/server.rb:295:in `block in start_thread'


  Rendered /Users/haleighharper/.rvm/gems/ruby-2.1.2/gems/actionpack-4.2.1/lib/action_dispatch/middleware/templates/rescues/_trace.html.erb (2.1ms)
  Rendered /Users/haleighharper/.rvm/gems/ruby-2.1.2/gems/actionpack-4.2.1/lib/action_dispatch/middleware/templates/routes/_route.html.erb (1.5ms)
  Rendered /Users/haleighharper/.rvm/gems/ruby-2.1.2/gems/actionpack-4.2.1/lib/action_dispatch/middleware/templates/routes/_table.html.erb (1.6ms)
  Rendered /Users/haleighharper/.rvm/gems/ruby-2.1.2/gems/actionpack-4.2.1/lib/action_dispatch/middleware/templates/rescues/_request_and_response.html.erb (2.1ms)
  Rendered /Users/haleighharper/.rvm/gems/ruby-2.1.2/gems/actionpack-4.2.1/lib/action_dispatch/middleware/templates/rescues/routing_error.html.erb within rescues/layout (37.1ms)
  Rendered /Users/haleighharper/.rvm/gems/ruby-2.1.2/gems/web-console-2.1.2/lib/web_console/templates/_markup.html.erb (0.6ms)
  Rendered /Users/haleighharper/.rvm/gems/ruby-2.1.2/gems/web-console-2.1.2/lib/web_console/templates/style.css.erb within layouts/inlined_string (0.4ms)
  Rendered /Users/haleighharper/.rvm/gems/ruby-2.1.2/gems/web-console-2.1.2/lib/web_console/templates/_inner_console_markup.html.erb within layouts/inlined_string (0.5ms)
  Rendered /Users/haleighharper/.rvm/gems/ruby-2.1.2/gems/web-console-2.1.2/lib/web_console/templates/_prompt_box_markup.html.erb within layouts/inlined_string (0.5ms)
  Rendered /Users/haleighharper/.rvm/gems/ruby-2.1.2/gems/web-console-2.1.2/lib/web_console/templates/console.js.erb within layouts/javascript (22.0ms)
  Rendered /Users/haleighharper/.rvm/gems/ruby-2.1.2/gems/web-console-2.1.2/lib/web_console/templates/main.js.erb within layouts/javascript (0.4ms)
  Rendered /Users/haleighharper/.rvm/gems/ruby-2.1.2/gems/web-console-2.1.2/lib/web_console/templates/error_page.js.erb within layouts/javascript (0.4ms)
  Rendered /Users/haleighharper/.rvm/gems/ruby-2.1.2/gems/web-console-2.1.2/lib/web_console/templates/index.html.erb (46.9ms)


Started GET "/" for ::1 at 2015-05-30 18:14:56 -0400
  [1m[36mActiveRecord::SchemaMigration Load (4.3ms)[0m  [1mSELECT "schema_migrations".* FROM "schema_migrations"[0m
Processing by WelcomeController#index as HTML
  Rendered welcome/index.html.erb within layouts/application (3.1ms)
Completed 200 OK in 2069ms (Views: 2032.2ms | ActiveRecord: 0.0ms)


Started GET "/assets/application.self-e80e8f2318043e8af94dddc2adad5a4f09739a8ebb323b3ab31cd71d45fd9113.css?body=1" for ::1 at 2015-05-30 18:14:59 -0400


Started GET "/assets/application.self-3b8dabdc891efe46b9a144b400ad69e37d7e5876bdc39dee783419a69d7ca819.js?body=1" for ::1 at 2015-05-30 18:14:59 -0400


Started GET "/" for ::1 at 2015-05-30 18:15:27 -0400
Processing by WelcomeController#index as HTML
  Rendered welcome/index.html.erb within layouts/application (5.4ms)
Completed 200 OK in 76ms (Views: 69.3ms | ActiveRecord: 0.0ms)


Started GET "/assets/jquery.self-d03a5518f45df77341bdbe6201ba3bfa547ebba8ed64f0ea56bfa5f96ea7c074.js?body=1" for ::1 at 2015-05-30 18:15:27 -0400


Started GET "/assets/turbolinks.self-c37727e9bd6b2735da5c311aa83fead54ed0be6cc8bd9a65309e9c5abe2cbfff.js?body=1" for ::1 at 2015-05-30 18:15:27 -0400


Started GET "/assets/jquery_ujs.self-8e98a7a072a6cee1372d19fff9ff3e6aa1e39a37d89d6f06861637d061113ee7.js?body=1" for ::1 at 2015-05-30 18:15:27 -0400


Started GET "/assets/application.self-3b8dabdc891efe46b9a144b400ad69e37d7e5876bdc39dee783419a69d7ca819.js?body=1" for ::1 at 2015-05-30 18:15:27 -0400


Started GET "/assets/application.self-e80e8f2318043e8af94dddc2adad5a4f09739a8ebb323b3ab31cd71d45fd9113.css?body=1" for ::1 at 2015-05-30 18:15:27 -0400


Started GET "/" for ::1 at 2015-05-30 18:15:49 -0400
Processing by WelcomeController#index as HTML
  Rendered welcome/index.html.erb within layouts/application (0.7ms)
Completed 200 OK in 32ms (Views: 31.5ms | ActiveRecord: 0.0ms)


Started GET "/assets/jquery_ujs.self-8e98a7a072a6cee1372d19fff9ff3e6aa1e39a37d89d6f06861637d061113ee7.js?body=1" for ::1 at 2015-05-30 18:15:49 -0400


Started GET "/assets/jquery.self-d03a5518f45df77341bdbe6201ba3bfa547ebba8ed64f0ea56bfa5f96ea7c074.js?body=1" for ::1 at 2015-05-30 18:15:49 -0400


Started GET "/assets/turbolinks.self-c37727e9bd6b2735da5c311aa83fead54ed0be6cc8bd9a65309e9c5abe2cbfff.js?body=1" for ::1 at 2015-05-30 18:15:50 -0400


Started GET "/assets/application.self-3b8dabdc891efe46b9a144b400ad69e37d7e5876bdc39dee783419a69d7ca819.js?body=1" for ::1 at 2015-05-30 18:15:50 -0400


Started GET "/assets/application.self-e80e8f2318043e8af94dddc2adad5a4f09739a8ebb323b3ab31cd71d45fd9113.css?body=1" for ::1 at 2015-05-30 18:15:50 -0400


Started GET "/users" for ::1 at 2015-05-30 18:16:27 -0400

ActionController::RoutingError (No route matches [GET] "/users"):
  actionpack (4.2.1) lib/action_dispatch/middleware/debug_exceptions.rb:21:in `call'
  web-console (2.1.2) lib/web_console/middleware.rb:37:in `call'
  actionpack (4.2.1) lib/action_dispatch/middleware/show_exceptions.rb:30:in `call'
  railties (4.2.1) lib/rails/rack/logger.rb:38:in `call_app'
  railties (4.2.1) lib/rails/rack/logger.rb:20:in `block in call'
  activesupport (4.2.1) lib/active_support/tagged_logging.rb:68:in `block in tagged'
  activesupport (4.2.1) lib/active_support/tagged_logging.rb:26:in `tagged'
  activesupport (4.2.1) lib/active_support/tagged_logging.rb:68:in `tagged'
  railties (4.2.1) lib/rails/rack/logger.rb:20:in `call'
  actionpack (4.2.1) lib/action_dispatch/middleware/request_id.rb:21:in `call'
  rack (1.6.1) lib/rack/methodoverride.rb:22:in `call'
  rack (1.6.1) lib/rack/runtime.rb:18:in `call'
  activesupport (4.2.1) lib/active_support/cache/strategy/local_cache_middleware.rb:28:in `call'
  rack (1.6.1) lib/rack/lock.rb:17:in `call'
  actionpack (4.2.1) lib/action_dispatch/middleware/static.rb:113:in `call'
  rack (1.6.1) lib/rack/sendfile.rb:113:in `call'
  railties (4.2.1) lib/rails/engine.rb:518:in `call'
  railties (4.2.1) lib/rails/application.rb:164:in `call'
  rack (1.6.1) lib/rack/lock.rb:17:in `call'
  rack (1.6.1) lib/rack/content_length.rb:15:in `call'
  rack (1.6.1) lib/rack/handler/webrick.rb:89:in `service'
  /Users/haleighharper/.rvm/rubies/ruby-2.1.2/lib/ruby/2.1.0/webrick/httpserver.rb:138:in `service'
  /Users/haleighharper/.rvm/rubies/ruby-2.1.2/lib/ruby/2.1.0/webrick/httpserver.rb:94:in `run'
  /Users/haleighharper/.rvm/rubies/ruby-2.1.2/lib/ruby/2.1.0/webrick/server.rb:295:in `block in start_thread'


  Rendered /Users/haleighharper/.rvm/gems/ruby-2.1.2/gems/actionpack-4.2.1/lib/action_dispatch/middleware/templates/rescues/_trace.html.erb (3.7ms)
  Rendered /Users/haleighharper/.rvm/gems/ruby-2.1.2/gems/actionpack-4.2.1/lib/action_dispatch/middleware/templates/routes/_route.html.erb (11.8ms)
  Rendered /Users/haleighharper/.rvm/gems/ruby-2.1.2/gems/actionpack-4.2.1/lib/action_dispatch/middleware/templates/routes/_table.html.erb (45.7ms)
  Rendered /Users/haleighharper/.rvm/gems/ruby-2.1.2/gems/actionpack-4.2.1/lib/action_dispatch/middleware/templates/rescues/_request_and_response.html.erb (87.7ms)
  Rendered /Users/haleighharper/.rvm/gems/ruby-2.1.2/gems/actionpack-4.2.1/lib/action_dispatch/middleware/templates/rescues/routing_error.html.erb within rescues/layout (249.8ms)
  Rendered /Users/haleighharper/.rvm/gems/ruby-2.1.2/gems/web-console-2.1.2/lib/web_console/templates/_markup.html.erb (1.3ms)
  Rendered /Users/haleighharper/.rvm/gems/ruby-2.1.2/gems/web-console-2.1.2/lib/web_console/templates/style.css.erb within layouts/inlined_string (0.4ms)
  Rendered /Users/haleighharper/.rvm/gems/ruby-2.1.2/gems/web-console-2.1.2/lib/web_console/templates/_inner_console_markup.html.erb within layouts/inlined_string (0.7ms)
  Rendered /Users/haleighharper/.rvm/gems/ruby-2.1.2/gems/web-console-2.1.2/lib/web_console/templates/_prompt_box_markup.html.erb within layouts/inlined_string (0.5ms)
  Rendered /Users/haleighharper/.rvm/gems/ruby-2.1.2/gems/web-console-2.1.2/lib/web_console/templates/console.js.erb within layouts/javascript (70.7ms)
  Rendered /Users/haleighharper/.rvm/gems/ruby-2.1.2/gems/web-console-2.1.2/lib/web_console/templates/main.js.erb within layouts/javascript (18.3ms)
  Rendered /Users/haleighharper/.rvm/gems/ruby-2.1.2/gems/web-console-2.1.2/lib/web_console/templates/error_page.js.erb within layouts/javascript (1.1ms)
  Rendered /Users/haleighharper/.rvm/gems/ruby-2.1.2/gems/web-console-2.1.2/lib/web_console/templates/index.html.erb (160.1ms)


Started GET "/recommendations" for ::1 at 2015-05-30 18:16:59 -0400

ActionController::RoutingError (No route matches [GET] "/recommendations"):
  actionpack (4.2.1) lib/action_dispatch/middleware/debug_exceptions.rb:21:in `call'
  web-console (2.1.2) lib/web_console/middleware.rb:37:in `call'
  actionpack (4.2.1) lib/action_dispatch/middleware/show_exceptions.rb:30:in `call'
  railties (4.2.1) lib/rails/rack/logger.rb:38:in `call_app'
  railties (4.2.1) lib/rails/rack/logger.rb:20:in `block in call'
  activesupport (4.2.1) lib/active_support/tagged_logging.rb:68:in `block in tagged'
  activesupport (4.2.1) lib/active_support/tagged_logging.rb:26:in `tagged'
  activesupport (4.2.1) lib/active_support/tagged_logging.rb:68:in `tagged'
  railties (4.2.1) lib/rails/rack/logger.rb:20:in `call'
  actionpack (4.2.1) lib/action_dispatch/middleware/request_id.rb:21:in `call'
  rack (1.6.1) lib/rack/methodoverride.rb:22:in `call'
  rack (1.6.1) lib/rack/runtime.rb:18:in `call'
  activesupport (4.2.1) lib/active_support/cache/strategy/local_cache_middleware.rb:28:in `call'
  rack (1.6.1) lib/rack/lock.rb:17:in `call'
  actionpack (4.2.1) lib/action_dispatch/middleware/static.rb:113:in `call'
  rack (1.6.1) lib/rack/sendfile.rb:113:in `call'
  railties (4.2.1) lib/rails/engine.rb:518:in `call'
  railties (4.2.1) lib/rails/application.rb:164:in `call'
  rack (1.6.1) lib/rack/lock.rb:17:in `call'
  rack (1.6.1) lib/rack/content_length.rb:15:in `call'
  rack (1.6.1) lib/rack/handler/webrick.rb:89:in `service'
  /Users/haleighharper/.rvm/rubies/ruby-2.1.2/lib/ruby/2.1.0/webrick/httpserver.rb:138:in `service'
  /Users/haleighharper/.rvm/rubies/ruby-2.1.2/lib/ruby/2.1.0/webrick/httpserver.rb:94:in `run'
  /Users/haleighharper/.rvm/rubies/ruby-2.1.2/lib/ruby/2.1.0/webrick/server.rb:295:in `block in start_thread'


  Rendered /Users/haleighharper/.rvm/gems/ruby-2.1.2/gems/actionpack-4.2.1/lib/action_dispatch/middleware/templates/rescues/_trace.html.erb (2.5ms)
  Rendered /Users/haleighharper/.rvm/gems/ruby-2.1.2/gems/actionpack-4.2.1/lib/action_dispatch/middleware/templates/routes/_route.html.erb (2.8ms)
  Rendered /Users/haleighharper/.rvm/gems/ruby-2.1.2/gems/actionpack-4.2.1/lib/action_dispatch/middleware/templates/routes/_table.html.erb (1.8ms)
  Rendered /Users/haleighharper/.rvm/gems/ruby-2.1.2/gems/actionpack-4.2.1/lib/action_dispatch/middleware/templates/rescues/_request_and_response.html.erb (2.8ms)
  Rendered /Users/haleighharper/.rvm/gems/ruby-2.1.2/gems/actionpack-4.2.1/lib/action_dispatch/middleware/templates/rescues/routing_error.html.erb within rescues/layout (41.3ms)
  Rendered /Users/haleighharper/.rvm/gems/ruby-2.1.2/gems/web-console-2.1.2/lib/web_console/templates/_markup.html.erb (0.7ms)
  Rendered /Users/haleighharper/.rvm/gems/ruby-2.1.2/gems/web-console-2.1.2/lib/web_console/templates/style.css.erb within layouts/inlined_string (0.6ms)
  Rendered /Users/haleighharper/.rvm/gems/ruby-2.1.2/gems/web-console-2.1.2/lib/web_console/templates/_inner_console_markup.html.erb within layouts/inlined_string (0.4ms)
  Rendered /Users/haleighharper/.rvm/gems/ruby-2.1.2/gems/web-console-2.1.2/lib/web_console/templates/_prompt_box_markup.html.erb within layouts/inlined_string (1.6ms)
  Rendered /Users/haleighharper/.rvm/gems/ruby-2.1.2/gems/web-console-2.1.2/lib/web_console/templates/console.js.erb within layouts/javascript (26.2ms)
  Rendered /Users/haleighharper/.rvm/gems/ruby-2.1.2/gems/web-console-2.1.2/lib/web_console/templates/main.js.erb within layouts/javascript (0.4ms)
  Rendered /Users/haleighharper/.rvm/gems/ruby-2.1.2/gems/web-console-2.1.2/lib/web_console/templates/error_page.js.erb within layouts/javascript (0.5ms)
  Rendered /Users/haleighharper/.rvm/gems/ruby-2.1.2/gems/web-console-2.1.2/lib/web_console/templates/index.html.erb (51.3ms)


Started GET "/profile" for ::1 at 2015-05-30 18:17:04 -0400

ActionController::RoutingError (No route matches [GET] "/profile"):
  actionpack (4.2.1) lib/action_dispatch/middleware/debug_exceptions.rb:21:in `call'
  web-console (2.1.2) lib/web_console/middleware.rb:37:in `call'
  actionpack (4.2.1) lib/action_dispatch/middleware/show_exceptions.rb:30:in `call'
  railties (4.2.1) lib/rails/rack/logger.rb:38:in `call_app'
  railties (4.2.1) lib/rails/rack/logger.rb:20:in `block in call'
  activesupport (4.2.1) lib/active_support/tagged_logging.rb:68:in `block in tagged'
  activesupport (4.2.1) lib/active_support/tagged_logging.rb:26:in `tagged'
  activesupport (4.2.1) lib/active_support/tagged_logging.rb:68:in `tagged'
  railties (4.2.1) lib/rails/rack/logger.rb:20:in `call'
  actionpack (4.2.1) lib/action_dispatch/middleware/request_id.rb:21:in `call'
  rack (1.6.1) lib/rack/methodoverride.rb:22:in `call'
  rack (1.6.1) lib/rack/runtime.rb:18:in `call'
  activesupport (4.2.1) lib/active_support/cache/strategy/local_cache_middleware.rb:28:in `call'
  rack (1.6.1) lib/rack/lock.rb:17:in `call'
  actionpack (4.2.1) lib/action_dispatch/middleware/static.rb:113:in `call'
  rack (1.6.1) lib/rack/sendfile.rb:113:in `call'
  railties (4.2.1) lib/rails/engine.rb:518:in `call'
  railties (4.2.1) lib/rails/application.rb:164:in `call'
  rack (1.6.1) lib/rack/lock.rb:17:in `call'
  rack (1.6.1) lib/rack/content_length.rb:15:in `call'
  rack (1.6.1) lib/rack/handler/webrick.rb:89:in `service'
  /Users/haleighharper/.rvm/rubies/ruby-2.1.2/lib/ruby/2.1.0/webrick/httpserver.rb:138:in `service'
  /Users/haleighharper/.rvm/rubies/ruby-2.1.2/lib/ruby/2.1.0/webrick/httpserver.rb:94:in `run'
  /Users/haleighharper/.rvm/rubies/ruby-2.1.2/lib/ruby/2.1.0/webrick/server.rb:295:in `block in start_thread'


  Rendered /Users/haleighharper/.rvm/gems/ruby-2.1.2/gems/actionpack-4.2.1/lib/action_dispatch/middleware/templates/rescues/_trace.html.erb (1.3ms)
  Rendered /Users/haleighharper/.rvm/gems/ruby-2.1.2/gems/actionpack-4.2.1/lib/action_dispatch/middleware/templates/routes/_route.html.erb (7.0ms)
  Rendered /Users/haleighharper/.rvm/gems/ruby-2.1.2/gems/actionpack-4.2.1/lib/action_dispatch/middleware/templates/routes/_table.html.erb (1.2ms)
  Rendered /Users/haleighharper/.rvm/gems/ruby-2.1.2/gems/actionpack-4.2.1/lib/action_dispatch/middleware/templates/rescues/_request_and_response.html.erb (1.6ms)
  Rendered /Users/haleighharper/.rvm/gems/ruby-2.1.2/gems/actionpack-4.2.1/lib/action_dispatch/middleware/templates/rescues/routing_error.html.erb within rescues/layout (32.5ms)
  Rendered /Users/haleighharper/.rvm/gems/ruby-2.1.2/gems/web-console-2.1.2/lib/web_console/templates/_markup.html.erb (0.4ms)
  Rendered /Users/haleighharper/.rvm/gems/ruby-2.1.2/gems/web-console-2.1.2/lib/web_console/templates/style.css.erb within layouts/inlined_string (0.5ms)
  Rendered /Users/haleighharper/.rvm/gems/ruby-2.1.2/gems/web-console-2.1.2/lib/web_console/templates/_inner_console_markup.html.erb within layouts/inlined_string (0.3ms)
  Rendered /Users/haleighharper/.rvm/gems/ruby-2.1.2/gems/web-console-2.1.2/lib/web_console/templates/_prompt_box_markup.html.erb within layouts/inlined_string (0.5ms)
  Rendered /Users/haleighharper/.rvm/gems/ruby-2.1.2/gems/web-console-2.1.2/lib/web_console/templates/console.js.erb within layouts/javascript (14.7ms)
  Rendered /Users/haleighharper/.rvm/gems/ruby-2.1.2/gems/web-console-2.1.2/lib/web_console/templates/main.js.erb within layouts/javascript (0.3ms)
  Rendered /Users/haleighharper/.rvm/gems/ruby-2.1.2/gems/web-console-2.1.2/lib/web_console/templates/error_page.js.erb within layouts/javascript (0.5ms)
  Rendered /Users/haleighharper/.rvm/gems/ruby-2.1.2/gems/web-console-2.1.2/lib/web_console/templates/index.html.erb (29.1ms)


Started GET "/" for ::1 at 2015-05-30 18:51:41 -0400
Processing by WelcomeController#index as HTML
  Rendered welcome/index.html.erb within layouts/application (11.8ms)
Completed 200 OK in 97ms (Views: 72.3ms | ActiveRecord: 0.0ms)


Started GET "/users" for ::1 at 2015-05-30 18:51:53 -0400
Processing by UsersController#index as HTML
Completed 401 Unauthorized in 33ms (ActiveRecord: 0.0ms)


Started GET "/users/sign_in" for ::1 at 2015-05-30 18:51:53 -0400
Processing by Devise::SessionsController#new as HTML
  Rendered /Users/haleighharper/.rvm/gems/ruby-2.1.2/gems/devise-3.4.1/app/views/devise/shared/_links.html.erb (3.8ms)
  Rendered /Users/haleighharper/.rvm/gems/ruby-2.1.2/gems/devise-3.4.1/app/views/devise/sessions/new.html.erb within layouts/application (45.4ms)
Completed 200 OK in 208ms (Views: 93.8ms | ActiveRecord: 74.0ms)


Started GET "/users/sign_up" for ::1 at 2015-05-30 18:51:58 -0400
Processing by Devise::RegistrationsController#new as HTML
  Rendered /Users/haleighharper/.rvm/gems/ruby-2.1.2/gems/devise-3.4.1/app/views/devise/shared/_links.html.erb (0.4ms)
  Rendered /Users/haleighharper/.rvm/gems/ruby-2.1.2/gems/devise-3.4.1/app/views/devise/registrations/new.html.erb within layouts/application (5.2ms)
Completed 200 OK in 44ms (Views: 41.6ms | ActiveRecord: 0.0ms)


Started POST "/users" for ::1 at 2015-05-30 18:52:10 -0400
Processing by Devise::RegistrationsController#create as HTML
  Parameters: {"utf8"=>"✓", "authenticity_token"=>"ms/vJSinNp8FHJX5J+AHpl1X8mh7y+0Zef0j1HdSG6PqkTMb5FyCWfDQ6AyXl+XjZzajMttQ9uUXg0dqh4b98A==", "user"=>{"email"=>"heh2xm@virginia.edu", "password"=>"[FILTERED]", "password_confirmation"=>"[FILTERED]"}, "commit"=>"Sign up"}
  [1m[35m (2.3ms)[0m  BEGIN
  [1m[36mUser Exists (17.2ms)[0m  [1mSELECT  1 AS one FROM "users" WHERE "users"."email" = 'heh2xm@virginia.edu' LIMIT 1[0m
  [1m[35mSQL (9.2ms)[0m  INSERT INTO "users" ("email", "encrypted_password", "created_at", "updated_at") VALUES ($1, $2, $3, $4) RETURNING "id"  [["email", "heh2xm@virginia.edu"], ["encrypted_password", "$2a$10$ZGeoCVTAZSu9T4LXsbJJ3ulaW3TRERrmywpa4PnFrQQgsOvfzsvoe"], ["created_at", "2015-05-30 22:52:10.248278"], ["updated_at", "2015-05-30 22:52:10.248278"]]
  [1m[36m (3.1ms)[0m  [1mCOMMIT[0m
  [1m[35m (0.1ms)[0m  BEGIN
  [1m[36mSQL (3.4ms)[0m  [1mUPDATE "users" SET "last_sign_in_at" = $1, "current_sign_in_at" = $2, "last_sign_in_ip" = $3, "current_sign_in_ip" = $4, "sign_in_count" = $5, "updated_at" = $6 WHERE "users"."id" = $7[0m  [["last_sign_in_at", "2015-05-30 22:52:10.271387"], ["current_sign_in_at", "2015-05-30 22:52:10.271387"], ["last_sign_in_ip", "::1/128"], ["current_sign_in_ip", "::1/128"], ["sign_in_count", 1], ["updated_at", "2015-05-30 22:52:10.272415"], ["id", 1]]
  [1m[35m (1.2ms)[0m  COMMIT
Redirected to http://localhost:3000/users
Completed 302 Found in 198ms (ActiveRecord: 39.5ms)


Started GET "/users" for ::1 at 2015-05-30 18:52:10 -0400
Processing by UsersController#index as HTML
  [1m[36mUser Load (2.3ms)[0m  [1mSELECT  "users".* FROM "users" WHERE "users"."id" = $1  ORDER BY "users"."id" ASC LIMIT 1[0m  [["id", 1]]
Completed 500 Internal Server Error in 9ms (ActiveRecord: 2.3ms)

NameError (uninitialized constant UsersController::Users):
  app/controllers/users_controller.rb:5:in `index'


  Rendered /Users/haleighharper/.rvm/gems/ruby-2.1.2/gems/actionpack-4.2.1/lib/action_dispatch/middleware/templates/rescues/_source.erb (4.0ms)
  Rendered /Users/haleighharper/.rvm/gems/ruby-2.1.2/gems/actionpack-4.2.1/lib/action_dispatch/middleware/templates/rescues/_trace.html.erb (1.6ms)
  Rendered /Users/haleighharper/.rvm/gems/ruby-2.1.2/gems/actionpack-4.2.1/lib/action_dispatch/middleware/templates/rescues/_request_and_response.html.erb (1.1ms)
  Rendered /Users/haleighharper/.rvm/gems/ruby-2.1.2/gems/actionpack-4.2.1/lib/action_dispatch/middleware/templates/rescues/diagnostics.html.erb within rescues/layout (23.9ms)
  Rendered /Users/haleighharper/.rvm/gems/ruby-2.1.2/gems/web-console-2.1.2/lib/web_console/templates/_markup.html.erb (0.4ms)
  Rendered /Users/haleighharper/.rvm/gems/ruby-2.1.2/gems/web-console-2.1.2/lib/web_console/templates/style.css.erb within layouts/inlined_string (0.4ms)
  Rendered /Users/haleighharper/.rvm/gems/ruby-2.1.2/gems/web-console-2.1.2/lib/web_console/templates/_inner_console_markup.html.erb within layouts/inlined_string (1.1ms)
  Rendered /Users/haleighharper/.rvm/gems/ruby-2.1.2/gems/web-console-2.1.2/lib/web_console/templates/_prompt_box_markup.html.erb within layouts/inlined_string (0.3ms)
  Rendered /Users/haleighharper/.rvm/gems/ruby-2.1.2/gems/web-console-2.1.2/lib/web_console/templates/console.js.erb within layouts/javascript (29.0ms)
  Rendered /Users/haleighharper/.rvm/gems/ruby-2.1.2/gems/web-console-2.1.2/lib/web_console/templates/main.js.erb within layouts/javascript (0.3ms)
  Rendered /Users/haleighharper/.rvm/gems/ruby-2.1.2/gems/web-console-2.1.2/lib/web_console/templates/error_page.js.erb within layouts/javascript (0.4ms)
  Rendered /Users/haleighharper/.rvm/gems/ruby-2.1.2/gems/web-console-2.1.2/lib/web_console/templates/index.html.erb (55.6ms)


Started GET "/users" for ::1 at 2015-05-30 18:52:27 -0400
Processing by UsersController#index as HTML
  [1m[35mUser Load (0.4ms)[0m  SELECT  "users".* FROM "users" WHERE "users"."id" = $1  ORDER BY "users"."id" ASC LIMIT 1  [["id", 1]]
Completed 500 Internal Server Error in 42ms (ActiveRecord: 4.6ms)

ActionView::MissingTemplate (Missing template users/index, application/index with {:locale=>[:en], :formats=>[:html], :variants=>[], :handlers=>[:erb, :builder, :raw, :ruby, :coffee, :jbuilder]}. Searched in:
  * "/Users/haleighharper/WDI/project4/ga_project4_tickletush_dating_app/app/views"
  * "/Users/haleighharper/.rvm/gems/ruby-2.1.2/gems/devise-3.4.1/app/views"
):
  actionview (4.2.1) lib/action_view/path_set.rb:46:in `find'
  actionview (4.2.1) lib/action_view/lookup_context.rb:121:in `find'
  actionview (4.2.1) lib/action_view/renderer/abstract_renderer.rb:18:in `find_template'
  actionview (4.2.1) lib/action_view/renderer/template_renderer.rb:40:in `determine_template'
  actionview (4.2.1) lib/action_view/renderer/template_renderer.rb:8:in `render'
  actionview (4.2.1) lib/action_view/renderer/renderer.rb:42:in `render_template'
  actionview (4.2.1) lib/action_view/renderer/renderer.rb:23:in `render'
  actionview (4.2.1) lib/action_view/rendering.rb:100:in `_render_template'
  actionpack (4.2.1) lib/action_controller/metal/streaming.rb:217:in `_render_template'
  actionview (4.2.1) lib/action_view/rendering.rb:83:in `render_to_body'
  actionpack (4.2.1) lib/action_controller/metal/rendering.rb:32:in `render_to_body'
  actionpack (4.2.1) lib/action_controller/metal/renderers.rb:37:in `render_to_body'
  actionpack (4.2.1) lib/abstract_controller/rendering.rb:25:in `render'
  actionpack (4.2.1) lib/action_controller/metal/rendering.rb:16:in `render'
  actionpack (4.2.1) lib/action_controller/metal/instrumentation.rb:44:in `block (2 levels) in render'
  activesupport (4.2.1) lib/active_support/core_ext/benchmark.rb:12:in `block in ms'
  /Users/haleighharper/.rvm/rubies/ruby-2.1.2/lib/ruby/2.1.0/benchmark.rb:294:in `realtime'
  activesupport (4.2.1) lib/active_support/core_ext/benchmark.rb:12:in `ms'
  actionpack (4.2.1) lib/action_controller/metal/instrumentation.rb:44:in `block in render'
  actionpack (4.2.1) lib/action_controller/metal/instrumentation.rb:87:in `cleanup_view_runtime'
  activerecord (4.2.1) lib/active_record/railties/controller_runtime.rb:25:in `cleanup_view_runtime'
  actionpack (4.2.1) lib/action_controller/metal/instrumentation.rb:43:in `render'
  actionpack (4.2.1) lib/action_controller/metal/implicit_render.rb:10:in `default_render'
  actionpack (4.2.1) lib/action_controller/metal/implicit_render.rb:5:in `send_action'
  actionpack (4.2.1) lib/abstract_controller/base.rb:198:in `process_action'
  actionpack (4.2.1) lib/action_controller/metal/rendering.rb:10:in `process_action'
  actionpack (4.2.1) lib/abstract_controller/callbacks.rb:20:in `block in process_action'
  activesupport (4.2.1) lib/active_support/callbacks.rb:117:in `call'
  activesupport (4.2.1) lib/active_support/callbacks.rb:117:in `call'
  activesupport (4.2.1) lib/active_support/callbacks.rb:555:in `block (2 levels) in compile'
  activesupport (4.2.1) lib/active_support/callbacks.rb:505:in `call'
  activesupport (4.2.1) lib/active_support/callbacks.rb:505:in `call'
  activesupport (4.2.1) lib/active_support/callbacks.rb:92:in `_run_callbacks'
  activesupport (4.2.1) lib/active_support/callbacks.rb:776:in `_run_process_action_callbacks'
  activesupport (4.2.1) lib/active_support/callbacks.rb:81:in `run_callbacks'
  actionpack (4.2.1) lib/abstract_controller/callbacks.rb:19:in `process_action'
  actionpack (4.2.1) lib/action_controller/metal/rescue.rb:29:in `process_action'
  actionpack (4.2.1) lib/action_controller/metal/instrumentation.rb:32:in `block in process_action'
  activesupport (4.2.1) lib/active_support/notifications.rb:164:in `block in instrument'
  activesupport (4.2.1) lib/active_support/notifications/instrumenter.rb:20:in `instrument'
  activesupport (4.2.1) lib/active_support/notifications.rb:164:in `instrument'
  actionpack (4.2.1) lib/action_controller/metal/instrumentation.rb:30:in `process_action'
  actionpack (4.2.1) lib/action_controller/metal/params_wrapper.rb:250:in `process_action'
  activerecord (4.2.1) lib/active_record/railties/controller_runtime.rb:18:in `process_action'
  actionpack (4.2.1) lib/abstract_controller/base.rb:137:in `process'
  actionview (4.2.1) lib/action_view/rendering.rb:30:in `process'
  actionpack (4.2.1) lib/action_controller/metal.rb:196:in `dispatch'
  actionpack (4.2.1) lib/action_controller/metal/rack_delegation.rb:13:in `dispatch'
  actionpack (4.2.1) lib/action_controller/metal.rb:237:in `block in action'
  actionpack (4.2.1) lib/action_dispatch/routing/route_set.rb:74:in `call'
  actionpack (4.2.1) lib/action_dispatch/routing/route_set.rb:74:in `dispatch'
  actionpack (4.2.1) lib/action_dispatch/routing/route_set.rb:43:in `serve'
  actionpack (4.2.1) lib/action_dispatch/journey/router.rb:43:in `block in serve'
  actionpack (4.2.1) lib/action_dispatch/journey/router.rb:30:in `each'
  actionpack (4.2.1) lib/action_dispatch/journey/router.rb:30:in `serve'
  actionpack (4.2.1) lib/action_dispatch/routing/route_set.rb:819:in `call'
  warden (1.2.3) lib/warden/manager.rb:35:in `block in call'
  warden (1.2.3) lib/warden/manager.rb:34:in `catch'
  warden (1.2.3) lib/warden/manager.rb:34:in `call'
  rack (1.6.1) lib/rack/etag.rb:24:in `call'
  rack (1.6.1) lib/rack/conditionalget.rb:25:in `call'
  rack (1.6.1) lib/rack/head.rb:13:in `call'
  actionpack (4.2.1) lib/action_dispatch/middleware/params_parser.rb:27:in `call'
  actionpack (4.2.1) lib/action_dispatch/middleware/flash.rb:260:in `call'
  rack (1.6.1) lib/rack/session/abstract/id.rb:225:in `context'
  rack (1.6.1) lib/rack/session/abstract/id.rb:220:in `call'
  actionpack (4.2.1) lib/action_dispatch/middleware/cookies.rb:560:in `call'
  activerecord (4.2.1) lib/active_record/query_cache.rb:36:in `call'
  activerecord (4.2.1) lib/active_record/connection_adapters/abstract/connection_pool.rb:649:in `call'
  activerecord (4.2.1) lib/active_record/migration.rb:378:in `call'
  actionpack (4.2.1) lib/action_dispatch/middleware/callbacks.rb:29:in `block in call'
  activesupport (4.2.1) lib/active_support/callbacks.rb:88:in `call'
  activesupport (4.2.1) lib/active_support/callbacks.rb:88:in `_run_callbacks'
  activesupport (4.2.1) lib/active_support/callbacks.rb:776:in `_run_call_callbacks'
  activesupport (4.2.1) lib/active_support/callbacks.rb:81:in `run_callbacks'
  actionpack (4.2.1) lib/action_dispatch/middleware/callbacks.rb:27:in `call'
  actionpack (4.2.1) lib/action_dispatch/middleware/reloader.rb:73:in `call'
  actionpack (4.2.1) lib/action_dispatch/middleware/remote_ip.rb:78:in `call'
  actionpack (4.2.1) lib/action_dispatch/middleware/debug_exceptions.rb:17:in `call'
  web-console (2.1.2) lib/web_console/middleware.rb:37:in `call'
  actionpack (4.2.1) lib/action_dispatch/middleware/show_exceptions.rb:30:in `call'
  railties (4.2.1) lib/rails/rack/logger.rb:38:in `call_app'
  railties (4.2.1) lib/rails/rack/logger.rb:20:in `block in call'
  activesupport (4.2.1) lib/active_support/tagged_logging.rb:68:in `block in tagged'
  activesupport (4.2.1) lib/active_support/tagged_logging.rb:26:in `tagged'
  activesupport (4.2.1) lib/active_support/tagged_logging.rb:68:in `tagged'
  railties (4.2.1) lib/rails/rack/logger.rb:20:in `call'
  actionpack (4.2.1) lib/action_dispatch/middleware/request_id.rb:21:in `call'
  rack (1.6.1) lib/rack/methodoverride.rb:22:in `call'
  rack (1.6.1) lib/rack/runtime.rb:18:in `call'
  activesupport (4.2.1) lib/active_support/cache/strategy/local_cache_middleware.rb:28:in `call'
  rack (1.6.1) lib/rack/lock.rb:17:in `call'
  actionpack (4.2.1) lib/action_dispatch/middleware/static.rb:113:in `call'
  rack (1.6.1) lib/rack/sendfile.rb:113:in `call'
  railties (4.2.1) lib/rails/engine.rb:518:in `call'
  railties (4.2.1) lib/rails/application.rb:164:in `call'
  rack (1.6.1) lib/rack/lock.rb:17:in `call'
  rack (1.6.1) lib/rack/content_length.rb:15:in `call'
  rack (1.6.1) lib/rack/handler/webrick.rb:89:in `service'
  /Users/haleighharper/.rvm/rubies/ruby-2.1.2/lib/ruby/2.1.0/webrick/httpserver.rb:138:in `service'
  /Users/haleighharper/.rvm/rubies/ruby-2.1.2/lib/ruby/2.1.0/webrick/httpserver.rb:94:in `run'
  /Users/haleighharper/.rvm/rubies/ruby-2.1.2/lib/ruby/2.1.0/webrick/server.rb:295:in `block in start_thread'


  Rendered /Users/haleighharper/.rvm/gems/ruby-2.1.2/gems/actionpack-4.2.1/lib/action_dispatch/middleware/templates/rescues/_source.erb (6.2ms)
  Rendered /Users/haleighharper/.rvm/gems/ruby-2.1.2/gems/actionpack-4.2.1/lib/action_dispatch/middleware/templates/rescues/_trace.html.erb (2.7ms)
  Rendered /Users/haleighharper/.rvm/gems/ruby-2.1.2/gems/actionpack-4.2.1/lib/action_dispatch/middleware/templates/rescues/_request_and_response.html.erb (1.3ms)
  Rendered /Users/haleighharper/.rvm/gems/ruby-2.1.2/gems/actionpack-4.2.1/lib/action_dispatch/middleware/templates/rescues/missing_template.html.erb within rescues/layout (25.5ms)
  Rendered /Users/haleighharper/.rvm/gems/ruby-2.1.2/gems/web-console-2.1.2/lib/web_console/templates/_markup.html.erb (154.7ms)
  Rendered /Users/haleighharper/.rvm/gems/ruby-2.1.2/gems/web-console-2.1.2/lib/web_console/templates/style.css.erb within layouts/inlined_string (0.6ms)
  Rendered /Users/haleighharper/.rvm/gems/ruby-2.1.2/gems/web-console-2.1.2/lib/web_console/templates/_inner_console_markup.html.erb within layouts/inlined_string (0.3ms)
  Rendered /Users/haleighharper/.rvm/gems/ruby-2.1.2/gems/web-console-2.1.2/lib/web_console/templates/_prompt_box_markup.html.erb within layouts/inlined_string (0.3ms)
  Rendered /Users/haleighharper/.rvm/gems/ruby-2.1.2/gems/web-console-2.1.2/lib/web_console/templates/console.js.erb within layouts/javascript (29.4ms)
  Rendered /Users/haleighharper/.rvm/gems/ruby-2.1.2/gems/web-console-2.1.2/lib/web_console/templates/main.js.erb within layouts/javascript (0.4ms)
  Rendered /Users/haleighharper/.rvm/gems/ruby-2.1.2/gems/web-console-2.1.2/lib/web_console/templates/error_page.js.erb within layouts/javascript (0.4ms)
  Rendered /Users/haleighharper/.rvm/gems/ruby-2.1.2/gems/web-console-2.1.2/lib/web_console/templates/index.html.erb (210.2ms)


Started GET "/users" for ::1 at 2015-05-30 18:53:19 -0400
Processing by UsersController#index as HTML
  [1m[36mUser Load (0.9ms)[0m  [1mSELECT  "users".* FROM "users" WHERE "users"."id" = $1  ORDER BY "users"."id" ASC LIMIT 1[0m  [["id", 1]]
  Rendered users/index.html.erb within layouts/application (7.6ms)
Completed 500 Internal Server Error in 45ms (ActiveRecord: 0.9ms)

ActionView::Template::Error (undefined method `email' for nil:NilClass):
    1: <h1> All Users </h1>
    2: <%= @user.email %>
  app/views/users/index.html.erb:2:in `_app_views_users_index_html_erb___1287459545232847730_70190430959320'


  Rendered /Users/haleighharper/.rvm/gems/ruby-2.1.2/gems/actionpack-4.2.1/lib/action_dispatch/middleware/templates/rescues/_source.erb (11.9ms)
  Rendered /Users/haleighharper/.rvm/gems/ruby-2.1.2/gems/actionpack-4.2.1/lib/action_dispatch/middleware/templates/rescues/_trace.html.erb (7.0ms)
  Rendered /Users/haleighharper/.rvm/gems/ruby-2.1.2/gems/actionpack-4.2.1/lib/action_dispatch/middleware/templates/rescues/_request_and_response.html.erb (3.2ms)
  Rendered /Users/haleighharper/.rvm/gems/ruby-2.1.2/gems/actionpack-4.2.1/lib/action_dispatch/middleware/templates/rescues/template_error.html.erb within rescues/layout (41.2ms)
  Rendered /Users/haleighharper/.rvm/gems/ruby-2.1.2/gems/web-console-2.1.2/lib/web_console/templates/_markup.html.erb (0.7ms)
  Rendered /Users/haleighharper/.rvm/gems/ruby-2.1.2/gems/web-console-2.1.2/lib/web_console/templates/style.css.erb within layouts/inlined_string (0.4ms)
  Rendered /Users/haleighharper/.rvm/gems/ruby-2.1.2/gems/web-console-2.1.2/lib/web_console/templates/_inner_console_markup.html.erb within layouts/inlined_string (0.5ms)
  Rendered /Users/haleighharper/.rvm/gems/ruby-2.1.2/gems/web-console-2.1.2/lib/web_console/templates/_prompt_box_markup.html.erb within layouts/inlined_string (0.5ms)
  Rendered /Users/haleighharper/.rvm/gems/ruby-2.1.2/gems/web-console-2.1.2/lib/web_console/templates/console.js.erb within layouts/javascript (25.2ms)
  Rendered /Users/haleighharper/.rvm/gems/ruby-2.1.2/gems/web-console-2.1.2/lib/web_console/templates/main.js.erb within layouts/javascript (1.1ms)
  Rendered /Users/haleighharper/.rvm/gems/ruby-2.1.2/gems/web-console-2.1.2/lib/web_console/templates/error_page.js.erb within layouts/javascript (0.6ms)
  Rendered /Users/haleighharper/.rvm/gems/ruby-2.1.2/gems/web-console-2.1.2/lib/web_console/templates/index.html.erb (57.0ms)


Started GET "/users" for ::1 at 2015-05-30 18:53:28 -0400
Processing by UsersController#index as HTML
  [1m[35mUser Load (0.7ms)[0m  SELECT  "users".* FROM "users" WHERE "users"."id" = $1  ORDER BY "users"."id" ASC LIMIT 1  [["id", 1]]
  Rendered users/index.html.erb within layouts/application (2.2ms)
Completed 200 OK in 110ms (Views: 102.6ms | ActiveRecord: 0.7ms)


Started GET "/assets/application.self-3b8dabdc891efe46b9a144b400ad69e37d7e5876bdc39dee783419a69d7ca819.js?body=1" for ::1 at 2015-05-30 18:53:28 -0400


Started GET "/assets/jquery_ujs.self-8e98a7a072a6cee1372d19fff9ff3e6aa1e39a37d89d6f06861637d061113ee7.js?body=1" for ::1 at 2015-05-30 18:53:28 -0400


Started GET "/assets/turbolinks.self-c37727e9bd6b2735da5c311aa83fead54ed0be6cc8bd9a65309e9c5abe2cbfff.js?body=1" for ::1 at 2015-05-30 18:53:28 -0400


Started GET "/assets/application.self-e80e8f2318043e8af94dddc2adad5a4f09739a8ebb323b3ab31cd71d45fd9113.css?body=1" for ::1 at 2015-05-30 18:53:28 -0400


Started GET "/assets/jquery.self-d03a5518f45df77341bdbe6201ba3bfa547ebba8ed64f0ea56bfa5f96ea7c074.js?body=1" for ::1 at 2015-05-30 18:53:28 -0400


Started GET "/users" for ::1 at 2015-05-30 18:55:12 -0400
Processing by UsersController#index as HTML
  [1m[36mUser Load (1.0ms)[0m  [1mSELECT  "users".* FROM "users" WHERE "users"."id" = $1  ORDER BY "users"."id" ASC LIMIT 1[0m  [["id", 1]]
  Rendered users/index.html.erb within layouts/application (13.9ms)
Completed 500 Internal Server Error in 44ms (ActiveRecord: 1.0ms)

ActionView::Template::Error (undefined method `each' for nil:NilClass):
    1: <h1> All Users: </h1>
    2: 
    3: <% @user.each do |user|%>
    4: <%= user.email %>
    5: <% end %>
  app/views/users/index.html.erb:3:in `_app_views_users_index_html_erb___1287459545232847730_70190413359580'


  Rendered /Users/haleighharper/.rvm/gems/ruby-2.1.2/gems/actionpack-4.2.1/lib/action_dispatch/middleware/templates/rescues/_source.erb (7.6ms)
  Rendered /Users/haleighharper/.rvm/gems/ruby-2.1.2/gems/actionpack-4.2.1/lib/action_dispatch/middleware/templates/rescues/_trace.html.erb (3.3ms)
  Rendered /Users/haleighharper/.rvm/gems/ruby-2.1.2/gems/actionpack-4.2.1/lib/action_dispatch/middleware/templates/rescues/_request_and_response.html.erb (1.2ms)
  Rendered /Users/haleighharper/.rvm/gems/ruby-2.1.2/gems/actionpack-4.2.1/lib/action_dispatch/middleware/templates/rescues/template_error.html.erb within rescues/layout (27.6ms)
  Rendered /Users/haleighharper/.rvm/gems/ruby-2.1.2/gems/web-console-2.1.2/lib/web_console/templates/_markup.html.erb (0.5ms)
  Rendered /Users/haleighharper/.rvm/gems/ruby-2.1.2/gems/web-console-2.1.2/lib/web_console/templates/style.css.erb within layouts/inlined_string (0.4ms)
  Rendered /Users/haleighharper/.rvm/gems/ruby-2.1.2/gems/web-console-2.1.2/lib/web_console/templates/_inner_console_markup.html.erb within layouts/inlined_string (0.4ms)
  Rendered /Users/haleighharper/.rvm/gems/ruby-2.1.2/gems/web-console-2.1.2/lib/web_console/templates/_prompt_box_markup.html.erb within layouts/inlined_string (0.4ms)
  Rendered /Users/haleighharper/.rvm/gems/ruby-2.1.2/gems/web-console-2.1.2/lib/web_console/templates/console.js.erb within layouts/javascript (22.2ms)
  Rendered /Users/haleighharper/.rvm/gems/ruby-2.1.2/gems/web-console-2.1.2/lib/web_console/templates/main.js.erb within layouts/javascript (0.4ms)
  Rendered /Users/haleighharper/.rvm/gems/ruby-2.1.2/gems/web-console-2.1.2/lib/web_console/templates/error_page.js.erb within layouts/javascript (0.5ms)
  Rendered /Users/haleighharper/.rvm/gems/ruby-2.1.2/gems/web-console-2.1.2/lib/web_console/templates/index.html.erb (45.8ms)


Started GET "/users" for ::1 at 2015-05-30 18:55:40 -0400
Processing by UsersController#index as HTML
  [1m[35mUser Load (1.4ms)[0m  SELECT  "users".* FROM "users" WHERE "users"."id" = $1  ORDER BY "users"."id" ASC LIMIT 1  [["id", 1]]
  [1m[36mUser Load (0.5ms)[0m  [1mSELECT "users".* FROM "users"[0m
  Rendered users/index.html.erb within layouts/application (5.1ms)
Completed 200 OK in 176ms (Views: 155.9ms | ActiveRecord: 1.8ms)


Started GET "/assets/application.self-e80e8f2318043e8af94dddc2adad5a4f09739a8ebb323b3ab31cd71d45fd9113.css?body=1" for ::1 at 2015-05-30 18:55:41 -0400


Started GET "/assets/jquery_ujs.self-8e98a7a072a6cee1372d19fff9ff3e6aa1e39a37d89d6f06861637d061113ee7.js?body=1" for ::1 at 2015-05-30 18:55:41 -0400


Started GET "/assets/jquery.self-d03a5518f45df77341bdbe6201ba3bfa547ebba8ed64f0ea56bfa5f96ea7c074.js?body=1" for ::1 at 2015-05-30 18:55:41 -0400


Started GET "/assets/application.self-3b8dabdc891efe46b9a144b400ad69e37d7e5876bdc39dee783419a69d7ca819.js?body=1" for ::1 at 2015-05-30 18:55:41 -0400


Started GET "/assets/turbolinks.self-c37727e9bd6b2735da5c311aa83fead54ed0be6cc8bd9a65309e9c5abe2cbfff.js?body=1" for ::1 at 2015-05-30 18:55:41 -0400


Started GET "/profile" for ::1 at 2015-05-30 18:56:12 -0400

ActionController::RoutingError (No route matches [GET] "/profile"):
  actionpack (4.2.1) lib/action_dispatch/middleware/debug_exceptions.rb:21:in `call'
  web-console (2.1.2) lib/web_console/middleware.rb:37:in `call'
  actionpack (4.2.1) lib/action_dispatch/middleware/show_exceptions.rb:30:in `call'
  railties (4.2.1) lib/rails/rack/logger.rb:38:in `call_app'
  railties (4.2.1) lib/rails/rack/logger.rb:20:in `block in call'
  activesupport (4.2.1) lib/active_support/tagged_logging.rb:68:in `block in tagged'
  activesupport (4.2.1) lib/active_support/tagged_logging.rb:26:in `tagged'
  activesupport (4.2.1) lib/active_support/tagged_logging.rb:68:in `tagged'
  railties (4.2.1) lib/rails/rack/logger.rb:20:in `call'
  actionpack (4.2.1) lib/action_dispatch/middleware/request_id.rb:21:in `call'
  rack (1.6.1) lib/rack/methodoverride.rb:22:in `call'
  rack (1.6.1) lib/rack/runtime.rb:18:in `call'
  activesupport (4.2.1) lib/active_support/cache/strategy/local_cache_middleware.rb:28:in `call'
  rack (1.6.1) lib/rack/lock.rb:17:in `call'
  actionpack (4.2.1) lib/action_dispatch/middleware/static.rb:113:in `call'
  rack (1.6.1) lib/rack/sendfile.rb:113:in `call'
  railties (4.2.1) lib/rails/engine.rb:518:in `call'
  railties (4.2.1) lib/rails/application.rb:164:in `call'
  rack (1.6.1) lib/rack/lock.rb:17:in `call'
  rack (1.6.1) lib/rack/content_length.rb:15:in `call'
  rack (1.6.1) lib/rack/handler/webrick.rb:89:in `service'
  /Users/haleighharper/.rvm/rubies/ruby-2.1.2/lib/ruby/2.1.0/webrick/httpserver.rb:138:in `service'
  /Users/haleighharper/.rvm/rubies/ruby-2.1.2/lib/ruby/2.1.0/webrick/httpserver.rb:94:in `run'
  /Users/haleighharper/.rvm/rubies/ruby-2.1.2/lib/ruby/2.1.0/webrick/server.rb:295:in `block in start_thread'


  Rendered /Users/haleighharper/.rvm/gems/ruby-2.1.2/gems/actionpack-4.2.1/lib/action_dispatch/middleware/templates/rescues/_trace.html.erb (4.6ms)
  Rendered /Users/haleighharper/.rvm/gems/ruby-2.1.2/gems/actionpack-4.2.1/lib/action_dispatch/middleware/templates/routes/_route.html.erb (8.0ms)
  Rendered /Users/haleighharper/.rvm/gems/ruby-2.1.2/gems/actionpack-4.2.1/lib/action_dispatch/middleware/templates/routes/_table.html.erb (5.1ms)
  Rendered /Users/haleighharper/.rvm/gems/ruby-2.1.2/gems/actionpack-4.2.1/lib/action_dispatch/middleware/templates/rescues/_request_and_response.html.erb (6.2ms)
  Rendered /Users/haleighharper/.rvm/gems/ruby-2.1.2/gems/actionpack-4.2.1/lib/action_dispatch/middleware/templates/rescues/routing_error.html.erb within rescues/layout (83.5ms)
  Rendered /Users/haleighharper/.rvm/gems/ruby-2.1.2/gems/web-console-2.1.2/lib/web_console/templates/_markup.html.erb (0.7ms)
  Rendered /Users/haleighharper/.rvm/gems/ruby-2.1.2/gems/web-console-2.1.2/lib/web_console/templates/style.css.erb within layouts/inlined_string (0.5ms)
  Rendered /Users/haleighharper/.rvm/gems/ruby-2.1.2/gems/web-console-2.1.2/lib/web_console/templates/_inner_console_markup.html.erb within layouts/inlined_string (0.4ms)
  Rendered /Users/haleighharper/.rvm/gems/ruby-2.1.2/gems/web-console-2.1.2/lib/web_console/templates/_prompt_box_markup.html.erb within layouts/inlined_string (0.5ms)
  Rendered /Users/haleighharper/.rvm/gems/ruby-2.1.2/gems/web-console-2.1.2/lib/web_console/templates/console.js.erb within layouts/javascript (22.9ms)
  Rendered /Users/haleighharper/.rvm/gems/ruby-2.1.2/gems/web-console-2.1.2/lib/web_console/templates/main.js.erb within layouts/javascript (0.5ms)
  Rendered /Users/haleighharper/.rvm/gems/ruby-2.1.2/gems/web-console-2.1.2/lib/web_console/templates/error_page.js.erb within layouts/javascript (0.7ms)
  Rendered /Users/haleighharper/.rvm/gems/ruby-2.1.2/gems/web-console-2.1.2/lib/web_console/templates/index.html.erb (47.0ms)


Started GET "/usrs" for ::1 at 2015-05-30 19:02:48 -0400

ActionController::RoutingError (No route matches [GET] "/usrs"):
  actionpack (4.2.1) lib/action_dispatch/middleware/debug_exceptions.rb:21:in `call'
  web-console (2.1.2) lib/web_console/middleware.rb:37:in `call'
  actionpack (4.2.1) lib/action_dispatch/middleware/show_exceptions.rb:30:in `call'
  railties (4.2.1) lib/rails/rack/logger.rb:38:in `call_app'
  railties (4.2.1) lib/rails/rack/logger.rb:20:in `block in call'
  activesupport (4.2.1) lib/active_support/tagged_logging.rb:68:in `block in tagged'
  activesupport (4.2.1) lib/active_support/tagged_logging.rb:26:in `tagged'
  activesupport (4.2.1) lib/active_support/tagged_logging.rb:68:in `tagged'
  railties (4.2.1) lib/rails/rack/logger.rb:20:in `call'
  actionpack (4.2.1) lib/action_dispatch/middleware/request_id.rb:21:in `call'
  rack (1.6.1) lib/rack/methodoverride.rb:22:in `call'
  rack (1.6.1) lib/rack/runtime.rb:18:in `call'
  activesupport (4.2.1) lib/active_support/cache/strategy/local_cache_middleware.rb:28:in `call'
  rack (1.6.1) lib/rack/lock.rb:17:in `call'
  actionpack (4.2.1) lib/action_dispatch/middleware/static.rb:113:in `call'
  rack (1.6.1) lib/rack/sendfile.rb:113:in `call'
  railties (4.2.1) lib/rails/engine.rb:518:in `call'
  railties (4.2.1) lib/rails/application.rb:164:in `call'
  rack (1.6.1) lib/rack/lock.rb:17:in `call'
  rack (1.6.1) lib/rack/content_length.rb:15:in `call'
  rack (1.6.1) lib/rack/handler/webrick.rb:89:in `service'
  /Users/haleighharper/.rvm/rubies/ruby-2.1.2/lib/ruby/2.1.0/webrick/httpserver.rb:138:in `service'
  /Users/haleighharper/.rvm/rubies/ruby-2.1.2/lib/ruby/2.1.0/webrick/httpserver.rb:94:in `run'
  /Users/haleighharper/.rvm/rubies/ruby-2.1.2/lib/ruby/2.1.0/webrick/server.rb:295:in `block in start_thread'


  Rendered /Users/haleighharper/.rvm/gems/ruby-2.1.2/gems/actionpack-4.2.1/lib/action_dispatch/middleware/templates/rescues/_trace.html.erb (6.1ms)
  Rendered /Users/haleighharper/.rvm/gems/ruby-2.1.2/gems/actionpack-4.2.1/lib/action_dispatch/middleware/templates/routes/_route.html.erb (18.4ms)
  Rendered /Users/haleighharper/.rvm/gems/ruby-2.1.2/gems/actionpack-4.2.1/lib/action_dispatch/middleware/templates/routes/_table.html.erb (6.0ms)
  Rendered /Users/haleighharper/.rvm/gems/ruby-2.1.2/gems/actionpack-4.2.1/lib/action_dispatch/middleware/templates/rescues/_request_and_response.html.erb (7.3ms)
  Rendered /Users/haleighharper/.rvm/gems/ruby-2.1.2/gems/actionpack-4.2.1/lib/action_dispatch/middleware/templates/rescues/routing_error.html.erb within rescues/layout (91.5ms)
  Rendered /Users/haleighharper/.rvm/gems/ruby-2.1.2/gems/web-console-2.1.2/lib/web_console/templates/_markup.html.erb (0.5ms)
  Rendered /Users/haleighharper/.rvm/gems/ruby-2.1.2/gems/web-console-2.1.2/lib/web_console/templates/style.css.erb within layouts/inlined_string (0.5ms)
  Rendered /Users/haleighharper/.rvm/gems/ruby-2.1.2/gems/web-console-2.1.2/lib/web_console/templates/_inner_console_markup.html.erb within layouts/inlined_string (0.5ms)
  Rendered /Users/haleighharper/.rvm/gems/ruby-2.1.2/gems/web-console-2.1.2/lib/web_console/templates/_prompt_box_markup.html.erb within layouts/inlined_string (0.4ms)
  Rendered /Users/haleighharper/.rvm/gems/ruby-2.1.2/gems/web-console-2.1.2/lib/web_console/templates/console.js.erb within layouts/javascript (22.1ms)
  Rendered /Users/haleighharper/.rvm/gems/ruby-2.1.2/gems/web-console-2.1.2/lib/web_console/templates/main.js.erb within layouts/javascript (0.4ms)
  Rendered /Users/haleighharper/.rvm/gems/ruby-2.1.2/gems/web-console-2.1.2/lib/web_console/templates/error_page.js.erb within layouts/javascript (0.8ms)
  Rendered /Users/haleighharper/.rvm/gems/ruby-2.1.2/gems/web-console-2.1.2/lib/web_console/templates/index.html.erb (44.1ms)


Started GET "/users" for ::1 at 2015-05-30 19:02:52 -0400
Processing by UsersController#index as HTML
  [1m[35mUser Load (0.9ms)[0m  SELECT  "users".* FROM "users" WHERE "users"."id" = $1  ORDER BY "users"."id" ASC LIMIT 1  [["id", 1]]
  [1m[36mUser Load (1.4ms)[0m  [1mSELECT "users".* FROM "users"[0m
  [1m[35mProfile Load (2.3ms)[0m  SELECT  "profiles".* FROM "profiles" WHERE "profiles"."user_id" = $1 LIMIT 1  [["user_id", 1]]
  Rendered users/index.html.erb within layouts/application (92.8ms)
Completed 200 OK in 190ms (Views: 158.9ms | ActiveRecord: 6.6ms)


Started GET "/users/1" for ::1 at 2015-05-30 19:02:55 -0400
Processing by UsersController#show as HTML
  Parameters: {"id"=>"1"}
  [1m[36mUser Load (2.0ms)[0m  [1mSELECT  "users".* FROM "users" WHERE "users"."id" = $1  ORDER BY "users"."id" ASC LIMIT 1[0m  [["id", 1]]
  [1m[35mProfile Load (0.9ms)[0m  SELECT  "profiles".* FROM "profiles" WHERE "profiles"."user_id" = $1 LIMIT 1  [["user_id", 1]]
  [1m[36mRecommendation Load (10.4ms)[0m  [1mSELECT "recommendations".* FROM "recommendations"[0m
Completed 500 Internal Server Error in 71ms (ActiveRecord: 2.8ms)

NoMethodError (undefined method `new_user_profile_path' for #<UsersController:0x007facf3604288>):
  app/controllers/users_controller.rb:12:in `show'


  Rendered /Users/haleighharper/.rvm/gems/ruby-2.1.2/gems/actionpack-4.2.1/lib/action_dispatch/middleware/templates/rescues/_source.erb (5.0ms)
  Rendered /Users/haleighharper/.rvm/gems/ruby-2.1.2/gems/actionpack-4.2.1/lib/action_dispatch/middleware/templates/rescues/_trace.html.erb (2.4ms)
  Rendered /Users/haleighharper/.rvm/gems/ruby-2.1.2/gems/actionpack-4.2.1/lib/action_dispatch/middleware/templates/rescues/_request_and_response.html.erb (1.0ms)
  Rendered /Users/haleighharper/.rvm/gems/ruby-2.1.2/gems/actionpack-4.2.1/lib/action_dispatch/middleware/templates/rescues/diagnostics.html.erb within rescues/layout (32.1ms)
  Rendered /Users/haleighharper/.rvm/gems/ruby-2.1.2/gems/web-console-2.1.2/lib/web_console/templates/_markup.html.erb (0.4ms)
  Rendered /Users/haleighharper/.rvm/gems/ruby-2.1.2/gems/web-console-2.1.2/lib/web_console/templates/style.css.erb within layouts/inlined_string (0.9ms)
  Rendered /Users/haleighharper/.rvm/gems/ruby-2.1.2/gems/web-console-2.1.2/lib/web_console/templates/_inner_console_markup.html.erb within layouts/inlined_string (0.6ms)
  Rendered /Users/haleighharper/.rvm/gems/ruby-2.1.2/gems/web-console-2.1.2/lib/web_console/templates/_prompt_box_markup.html.erb within layouts/inlined_string (0.9ms)
  Rendered /Users/haleighharper/.rvm/gems/ruby-2.1.2/gems/web-console-2.1.2/lib/web_console/templates/console.js.erb within layouts/javascript (20.3ms)
  Rendered /Users/haleighharper/.rvm/gems/ruby-2.1.2/gems/web-console-2.1.2/lib/web_console/templates/main.js.erb within layouts/javascript (0.3ms)
  Rendered /Users/haleighharper/.rvm/gems/ruby-2.1.2/gems/web-console-2.1.2/lib/web_console/templates/error_page.js.erb within layouts/javascript (0.5ms)
  Rendered /Users/haleighharper/.rvm/gems/ruby-2.1.2/gems/web-console-2.1.2/lib/web_console/templates/index.html.erb (41.1ms)


Started GET "/users/1" for ::1 at 2015-05-30 19:02:55 -0400
Processing by UsersController#show as HTML
  Parameters: {"id"=>"1"}
  [1m[35mUser Load (0.5ms)[0m  SELECT  "users".* FROM "users" WHERE "users"."id" = $1  ORDER BY "users"."id" ASC LIMIT 1  [["id", 1]]
  [1m[36mProfile Load (0.4ms)[0m  [1mSELECT  "profiles".* FROM "profiles" WHERE "profiles"."user_id" = $1 LIMIT 1[0m  [["user_id", 1]]
  [1m[35mRecommendation Load (0.8ms)[0m  SELECT "recommendations".* FROM "recommendations"
Completed 500 Internal Server Error in 30ms (ActiveRecord: 0.9ms)

NoMethodError (undefined method `new_user_profile_path' for #<UsersController:0x007facf75d3008>):
  app/controllers/users_controller.rb:12:in `show'


  Rendered /Users/haleighharper/.rvm/gems/ruby-2.1.2/gems/actionpack-4.2.1/lib/action_dispatch/middleware/templates/rescues/_source.erb (6.0ms)
  Rendered /Users/haleighharper/.rvm/gems/ruby-2.1.2/gems/actionpack-4.2.1/lib/action_dispatch/middleware/templates/rescues/_trace.html.erb (4.4ms)
  Rendered /Users/haleighharper/.rvm/gems/ruby-2.1.2/gems/actionpack-4.2.1/lib/action_dispatch/middleware/templates/rescues/_request_and_response.html.erb (1.0ms)
  Rendered /Users/haleighharper/.rvm/gems/ruby-2.1.2/gems/actionpack-4.2.1/lib/action_dispatch/middleware/templates/rescues/diagnostics.html.erb within rescues/layout (29.1ms)
  Rendered /Users/haleighharper/.rvm/gems/ruby-2.1.2/gems/web-console-2.1.2/lib/web_console/templates/_markup.html.erb (0.3ms)
  Rendered /Users/haleighharper/.rvm/gems/ruby-2.1.2/gems/web-console-2.1.2/lib/web_console/templates/style.css.erb within layouts/inlined_string (0.4ms)
  Rendered /Users/haleighharper/.rvm/gems/ruby-2.1.2/gems/web-console-2.1.2/lib/web_console/templates/_inner_console_markup.html.erb within layouts/inlined_string (0.3ms)
  Rendered /Users/haleighharper/.rvm/gems/ruby-2.1.2/gems/web-console-2.1.2/lib/web_console/templates/_prompt_box_markup.html.erb within layouts/inlined_string (0.3ms)
  Rendered /Users/haleighharper/.rvm/gems/ruby-2.1.2/gems/web-console-2.1.2/lib/web_console/templates/console.js.erb within layouts/javascript (14.3ms)
  Rendered /Users/haleighharper/.rvm/gems/ruby-2.1.2/gems/web-console-2.1.2/lib/web_console/templates/main.js.erb within layouts/javascript (0.3ms)
  Rendered /Users/haleighharper/.rvm/gems/ruby-2.1.2/gems/web-console-2.1.2/lib/web_console/templates/error_page.js.erb within layouts/javascript (0.4ms)
  Rendered /Users/haleighharper/.rvm/gems/ruby-2.1.2/gems/web-console-2.1.2/lib/web_console/templates/index.html.erb (28.6ms)


Started GET "/users/sign_up" for ::1 at 2015-05-30 19:03:27 -0400
Processing by Devise::RegistrationsController#new as HTML
  [1m[36mUser Load (0.6ms)[0m  [1mSELECT  "users".* FROM "users" WHERE "users"."id" = $1  ORDER BY "users"."id" ASC LIMIT 1[0m  [["id", 1]]
Redirected to http://localhost:3000/
Filter chain halted as :require_no_authentication rendered or redirected
Completed 302 Found in 28ms (ActiveRecord: 0.6ms)


Started GET "/" for ::1 at 2015-05-30 19:03:27 -0400
Processing by WelcomeController#index as HTML
  Rendered welcome/index.html.erb within layouts/application (0.9ms)
Completed 200 OK in 50ms (Views: 48.7ms | ActiveRecord: 0.0ms)


Started GET "/users/sign_up" for ::1 at 2015-05-30 19:03:32 -0400
Processing by Devise::RegistrationsController#new as HTML
  [1m[35mUser Load (0.4ms)[0m  SELECT  "users".* FROM "users" WHERE "users"."id" = $1  ORDER BY "users"."id" ASC LIMIT 1  [["id", 1]]
Redirected to http://localhost:3000/
Filter chain halted as :require_no_authentication rendered or redirected
Completed 302 Found in 4ms (ActiveRecord: 0.4ms)


Started GET "/" for ::1 at 2015-05-30 19:03:32 -0400
Processing by WelcomeController#index as HTML
  Rendered welcome/index.html.erb within layouts/application (0.2ms)
Completed 200 OK in 35ms (Views: 33.7ms | ActiveRecord: 0.0ms)


Started GET "/users/sign_in" for ::1 at 2015-05-30 19:03:37 -0400
Processing by Devise::SessionsController#new as HTML
  [1m[36mUser Load (0.2ms)[0m  [1mSELECT  "users".* FROM "users" WHERE "users"."id" = $1  ORDER BY "users"."id" ASC LIMIT 1[0m  [["id", 1]]
Redirected to http://localhost:3000/
Filter chain halted as :require_no_authentication rendered or redirected
Completed 302 Found in 3ms (ActiveRecord: 0.2ms)


Started GET "/" for ::1 at 2015-05-30 19:03:37 -0400
Processing by WelcomeController#index as HTML
  Rendered welcome/index.html.erb within layouts/application (0.1ms)
Completed 200 OK in 29ms (Views: 27.8ms | ActiveRecord: 0.0ms)


Started GET "/users" for ::1 at 2015-05-30 19:03:42 -0400
Processing by UsersController#index as HTML
  [1m[35mUser Load (0.3ms)[0m  SELECT  "users".* FROM "users" WHERE "users"."id" = $1  ORDER BY "users"."id" ASC LIMIT 1  [["id", 1]]
  [1m[36mUser Load (0.4ms)[0m  [1mSELECT "users".* FROM "users"[0m
  [1m[35mProfile Load (0.3ms)[0m  SELECT  "profiles".* FROM "profiles" WHERE "profiles"."user_id" = $1 LIMIT 1  [["user_id", 1]]
  Rendered users/index.html.erb within layouts/application (3.9ms)
Completed 200 OK in 30ms (Views: 26.7ms | ActiveRecord: 1.0ms)


Started GET "/users/sign_in" for ::1 at 2015-05-30 19:03:46 -0400
Processing by Devise::SessionsController#new as HTML
  [1m[36mUser Load (0.4ms)[0m  [1mSELECT  "users".* FROM "users" WHERE "users"."id" = $1  ORDER BY "users"."id" ASC LIMIT 1[0m  [["id", 1]]
Redirected to http://localhost:3000/
Filter chain halted as :require_no_authentication rendered or redirected
Completed 302 Found in 4ms (ActiveRecord: 0.4ms)


Started GET "/" for ::1 at 2015-05-30 19:03:46 -0400
Processing by WelcomeController#index as HTML
  Rendered welcome/index.html.erb within layouts/application (0.1ms)
Completed 200 OK in 30ms (Views: 28.7ms | ActiveRecord: 0.0ms)


Started GET "/users/sign_up" for ::1 at 2015-05-30 19:03:52 -0400
Processing by Devise::RegistrationsController#new as HTML
  [1m[35mUser Load (0.4ms)[0m  SELECT  "users".* FROM "users" WHERE "users"."id" = $1  ORDER BY "users"."id" ASC LIMIT 1  [["id", 1]]
Redirected to http://localhost:3000/
Filter chain halted as :require_no_authentication rendered or redirected
Completed 302 Found in 3ms (ActiveRecord: 0.4ms)


Started GET "/" for ::1 at 2015-05-30 19:03:52 -0400
Processing by WelcomeController#index as HTML
  Rendered welcome/index.html.erb within layouts/application (0.1ms)
Completed 200 OK in 36ms (Views: 35.5ms | ActiveRecord: 0.0ms)


Started GET "/users/1" for ::1 at 2015-05-30 19:04:19 -0400
Processing by UsersController#show as HTML
  Parameters: {"id"=>"1"}
  [1m[36mUser Load (1.1ms)[0m  [1mSELECT  "users".* FROM "users" WHERE "users"."id" = $1  ORDER BY "users"."id" ASC LIMIT 1[0m  [["id", 1]]
  [1m[35mProfile Load (0.5ms)[0m  SELECT  "profiles".* FROM "profiles" WHERE "profiles"."user_id" = $1 LIMIT 1  [["user_id", 1]]
  [1m[36mRecommendation Load (0.5ms)[0m  [1mSELECT "recommendations".* FROM "recommendations"[0m
Completed 500 Internal Server Error in 81ms (ActiveRecord: 1.6ms)

NoMethodError (undefined method `new_user_profile_path' for #<UsersController:0x007facf52d1258>):
  app/controllers/users_controller.rb:12:in `show'


  Rendered /Users/haleighharper/.rvm/gems/ruby-2.1.2/gems/actionpack-4.2.1/lib/action_dispatch/middleware/templates/rescues/_source.erb (4.6ms)
  Rendered /Users/haleighharper/.rvm/gems/ruby-2.1.2/gems/actionpack-4.2.1/lib/action_dispatch/middleware/templates/rescues/_trace.html.erb (2.1ms)
  Rendered /Users/haleighharper/.rvm/gems/ruby-2.1.2/gems/actionpack-4.2.1/lib/action_dispatch/middleware/templates/rescues/_request_and_response.html.erb (1.3ms)
  Rendered /Users/haleighharper/.rvm/gems/ruby-2.1.2/gems/actionpack-4.2.1/lib/action_dispatch/middleware/templates/rescues/diagnostics.html.erb within rescues/layout (29.7ms)
  Rendered /Users/haleighharper/.rvm/gems/ruby-2.1.2/gems/web-console-2.1.2/lib/web_console/templates/_markup.html.erb (0.5ms)
  Rendered /Users/haleighharper/.rvm/gems/ruby-2.1.2/gems/web-console-2.1.2/lib/web_console/templates/style.css.erb within layouts/inlined_string (0.7ms)
  Rendered /Users/haleighharper/.rvm/gems/ruby-2.1.2/gems/web-console-2.1.2/lib/web_console/templates/_inner_console_markup.html.erb within layouts/inlined_string (0.4ms)
  Rendered /Users/haleighharper/.rvm/gems/ruby-2.1.2/gems/web-console-2.1.2/lib/web_console/templates/_prompt_box_markup.html.erb within layouts/inlined_string (0.4ms)
  Rendered /Users/haleighharper/.rvm/gems/ruby-2.1.2/gems/web-console-2.1.2/lib/web_console/templates/console.js.erb within layouts/javascript (20.7ms)
  Rendered /Users/haleighharper/.rvm/gems/ruby-2.1.2/gems/web-console-2.1.2/lib/web_console/templates/main.js.erb within layouts/javascript (0.4ms)
  Rendered /Users/haleighharper/.rvm/gems/ruby-2.1.2/gems/web-console-2.1.2/lib/web_console/templates/error_page.js.erb within layouts/javascript (0.8ms)
  Rendered /Users/haleighharper/.rvm/gems/ruby-2.1.2/gems/web-console-2.1.2/lib/web_console/templates/index.html.erb (43.7ms)


Started GET "/" for ::1 at 2015-05-31 17:28:19 -0400

PG::ConnectionBad (could not connect to server: No such file or directory
	Is the server running locally and accepting
	connections on Unix domain socket "/tmp/.s.PGSQL.5432"?
):
  activerecord (4.2.1) lib/active_record/connection_adapters/postgresql_adapter.rb:651:in `initialize'
  activerecord (4.2.1) lib/active_record/connection_adapters/postgresql_adapter.rb:651:in `new'
  activerecord (4.2.1) lib/active_record/connection_adapters/postgresql_adapter.rb:651:in `connect'
  activerecord (4.2.1) lib/active_record/connection_adapters/postgresql_adapter.rb:242:in `initialize'
  activerecord (4.2.1) lib/active_record/connection_adapters/postgresql_adapter.rb:44:in `new'
  activerecord (4.2.1) lib/active_record/connection_adapters/postgresql_adapter.rb:44:in `postgresql_connection'
  activerecord (4.2.1) lib/active_record/connection_adapters/abstract/connection_pool.rb:438:in `new_connection'
  activerecord (4.2.1) lib/active_record/connection_adapters/abstract/connection_pool.rb:448:in `checkout_new_connection'
  activerecord (4.2.1) lib/active_record/connection_adapters/abstract/connection_pool.rb:422:in `acquire_connection'
  activerecord (4.2.1) lib/active_record/connection_adapters/abstract/connection_pool.rb:349:in `block in checkout'
  /Users/haleighharper/.rvm/rubies/ruby-2.1.2/lib/ruby/2.1.0/monitor.rb:211:in `mon_synchronize'
  activerecord (4.2.1) lib/active_record/connection_adapters/abstract/connection_pool.rb:348:in `checkout'
  activerecord (4.2.1) lib/active_record/connection_adapters/abstract/connection_pool.rb:263:in `block in connection'
  /Users/haleighharper/.rvm/rubies/ruby-2.1.2/lib/ruby/2.1.0/monitor.rb:211:in `mon_synchronize'
  activerecord (4.2.1) lib/active_record/connection_adapters/abstract/connection_pool.rb:262:in `connection'
  activerecord (4.2.1) lib/active_record/connection_adapters/abstract/connection_pool.rb:567:in `retrieve_connection'
  activerecord (4.2.1) lib/active_record/connection_handling.rb:113:in `retrieve_connection'
  activerecord (4.2.1) lib/active_record/connection_handling.rb:87:in `connection'
  activerecord (4.2.1) lib/active_record/migration.rb:384:in `connection'
  activerecord (4.2.1) lib/active_record/migration.rb:371:in `call'
  actionpack (4.2.1) lib/action_dispatch/middleware/callbacks.rb:29:in `block in call'
  activesupport (4.2.1) lib/active_support/callbacks.rb:88:in `call'
  activesupport (4.2.1) lib/active_support/callbacks.rb:88:in `_run_callbacks'
  activesupport (4.2.1) lib/active_support/callbacks.rb:776:in `_run_call_callbacks'
  activesupport (4.2.1) lib/active_support/callbacks.rb:81:in `run_callbacks'
  actionpack (4.2.1) lib/action_dispatch/middleware/callbacks.rb:27:in `call'
  actionpack (4.2.1) lib/action_dispatch/middleware/reloader.rb:73:in `call'
  actionpack (4.2.1) lib/action_dispatch/middleware/remote_ip.rb:78:in `call'
  actionpack (4.2.1) lib/action_dispatch/middleware/debug_exceptions.rb:17:in `call'
  web-console (2.1.2) lib/web_console/middleware.rb:37:in `call'
  actionpack (4.2.1) lib/action_dispatch/middleware/show_exceptions.rb:30:in `call'
  railties (4.2.1) lib/rails/rack/logger.rb:38:in `call_app'
  railties (4.2.1) lib/rails/rack/logger.rb:20:in `block in call'
  activesupport (4.2.1) lib/active_support/tagged_logging.rb:68:in `block in tagged'
  activesupport (4.2.1) lib/active_support/tagged_logging.rb:26:in `tagged'
  activesupport (4.2.1) lib/active_support/tagged_logging.rb:68:in `tagged'
  railties (4.2.1) lib/rails/rack/logger.rb:20:in `call'
  actionpack (4.2.1) lib/action_dispatch/middleware/request_id.rb:21:in `call'
  rack (1.6.1) lib/rack/methodoverride.rb:22:in `call'
  rack (1.6.1) lib/rack/runtime.rb:18:in `call'
  activesupport (4.2.1) lib/active_support/cache/strategy/local_cache_middleware.rb:28:in `call'
  rack (1.6.1) lib/rack/lock.rb:17:in `call'
  actionpack (4.2.1) lib/action_dispatch/middleware/static.rb:113:in `call'
  rack (1.6.1) lib/rack/sendfile.rb:113:in `call'
  railties (4.2.1) lib/rails/engine.rb:518:in `call'
  railties (4.2.1) lib/rails/application.rb:164:in `call'
  rack (1.6.1) lib/rack/lock.rb:17:in `call'
  rack (1.6.1) lib/rack/content_length.rb:15:in `call'
  rack (1.6.1) lib/rack/handler/webrick.rb:89:in `service'
  /Users/haleighharper/.rvm/rubies/ruby-2.1.2/lib/ruby/2.1.0/webrick/httpserver.rb:138:in `service'
  /Users/haleighharper/.rvm/rubies/ruby-2.1.2/lib/ruby/2.1.0/webrick/httpserver.rb:94:in `run'
  /Users/haleighharper/.rvm/rubies/ruby-2.1.2/lib/ruby/2.1.0/webrick/server.rb:295:in `block in start_thread'


  Rendered /Users/haleighharper/.rvm/gems/ruby-2.1.2/gems/actionpack-4.2.1/lib/action_dispatch/middleware/templates/rescues/_source.erb (3.7ms)
  Rendered /Users/haleighharper/.rvm/gems/ruby-2.1.2/gems/actionpack-4.2.1/lib/action_dispatch/middleware/templates/rescues/_trace.html.erb (2.7ms)
  Rendered /Users/haleighharper/.rvm/gems/ruby-2.1.2/gems/actionpack-4.2.1/lib/action_dispatch/middleware/templates/rescues/_request_and_response.html.erb (0.9ms)
  Rendered /Users/haleighharper/.rvm/gems/ruby-2.1.2/gems/actionpack-4.2.1/lib/action_dispatch/middleware/templates/rescues/diagnostics.html.erb within rescues/layout (29.1ms)
  Rendered /Users/haleighharper/.rvm/gems/ruby-2.1.2/gems/web-console-2.1.2/lib/web_console/templates/_markup.html.erb (0.4ms)
  Rendered /Users/haleighharper/.rvm/gems/ruby-2.1.2/gems/web-console-2.1.2/lib/web_console/templates/style.css.erb within layouts/inlined_string (0.4ms)
  Rendered /Users/haleighharper/.rvm/gems/ruby-2.1.2/gems/web-console-2.1.2/lib/web_console/templates/_inner_console_markup.html.erb within layouts/inlined_string (0.3ms)
  Rendered /Users/haleighharper/.rvm/gems/ruby-2.1.2/gems/web-console-2.1.2/lib/web_console/templates/_prompt_box_markup.html.erb within layouts/inlined_string (0.3ms)
  Rendered /Users/haleighharper/.rvm/gems/ruby-2.1.2/gems/web-console-2.1.2/lib/web_console/templates/console.js.erb within layouts/javascript (22.8ms)
  Rendered /Users/haleighharper/.rvm/gems/ruby-2.1.2/gems/web-console-2.1.2/lib/web_console/templates/main.js.erb within layouts/javascript (0.4ms)
  Rendered /Users/haleighharper/.rvm/gems/ruby-2.1.2/gems/web-console-2.1.2/lib/web_console/templates/error_page.js.erb within layouts/javascript (0.4ms)
  Rendered /Users/haleighharper/.rvm/gems/ruby-2.1.2/gems/web-console-2.1.2/lib/web_console/templates/index.html.erb (53.1ms)


Started GET "/" for ::1 at 2015-05-31 17:28:42 -0400
  [1m[36mActiveRecord::SchemaMigration Load (3.5ms)[0m  [1mSELECT "schema_migrations".* FROM "schema_migrations"[0m
Processing by WelcomeController#index as HTML
  Rendered welcome/index.html.erb within layouts/application (0.4ms)
Completed 200 OK in 222ms (Views: 208.7ms | ActiveRecord: 0.0ms)


Started GET "/assets/application.self-3b8dabdc891efe46b9a144b400ad69e37d7e5876bdc39dee783419a69d7ca819.js?body=1" for ::1 at 2015-05-31 17:28:43 -0400


Started GET "/assets/application.self-e80e8f2318043e8af94dddc2adad5a4f09739a8ebb323b3ab31cd71d45fd9113.css?body=1" for ::1 at 2015-05-31 17:28:43 -0400


Started GET "/assets/jquery_ujs.self-8e98a7a072a6cee1372d19fff9ff3e6aa1e39a37d89d6f06861637d061113ee7.js?body=1" for ::1 at 2015-05-31 17:28:43 -0400


Started GET "/assets/jquery.self-d03a5518f45df77341bdbe6201ba3bfa547ebba8ed64f0ea56bfa5f96ea7c074.js?body=1" for ::1 at 2015-05-31 17:28:43 -0400


Started GET "/assets/turbolinks.self-c37727e9bd6b2735da5c311aa83fead54ed0be6cc8bd9a65309e9c5abe2cbfff.js?body=1" for ::1 at 2015-05-31 17:28:43 -0400


Started GET "/users/1" for ::1 at 2015-05-31 17:35:18 -0400
Processing by UsersController#show as HTML
  Parameters: {"id"=>"1"}
  [1m[35mUser Load (5.6ms)[0m  SELECT  "users".* FROM "users" WHERE "users"."id" = $1  ORDER BY "users"."id" ASC LIMIT 1  [["id", 1]]
  [1m[36mProfile Load (1.6ms)[0m  [1mSELECT  "profiles".* FROM "profiles" WHERE "profiles"."user_id" = $1 LIMIT 1[0m  [["user_id", 1]]
  [1m[35mRecommendation Load (2.2ms)[0m  SELECT "recommendations".* FROM "recommendations"
Completed 500 Internal Server Error in 169ms (ActiveRecord: 28.5ms)

NoMethodError (undefined method `new_user_profile_path' for #<UsersController:0x007fef6bbc6468>):
  app/controllers/users_controller.rb:12:in `show'


  Rendered /Users/haleighharper/.rvm/gems/ruby-2.1.2/gems/actionpack-4.2.1/lib/action_dispatch/middleware/templates/rescues/_source.erb (4.0ms)
  Rendered /Users/haleighharper/.rvm/gems/ruby-2.1.2/gems/actionpack-4.2.1/lib/action_dispatch/middleware/templates/rescues/_trace.html.erb (3.5ms)
  Rendered /Users/haleighharper/.rvm/gems/ruby-2.1.2/gems/actionpack-4.2.1/lib/action_dispatch/middleware/templates/rescues/_request_and_response.html.erb (1.4ms)
  Rendered /Users/haleighharper/.rvm/gems/ruby-2.1.2/gems/actionpack-4.2.1/lib/action_dispatch/middleware/templates/rescues/diagnostics.html.erb within rescues/layout (28.1ms)
  Rendered /Users/haleighharper/.rvm/gems/ruby-2.1.2/gems/web-console-2.1.2/lib/web_console/templates/_markup.html.erb (0.4ms)
  Rendered /Users/haleighharper/.rvm/gems/ruby-2.1.2/gems/web-console-2.1.2/lib/web_console/templates/style.css.erb within layouts/inlined_string (0.3ms)
  Rendered /Users/haleighharper/.rvm/gems/ruby-2.1.2/gems/web-console-2.1.2/lib/web_console/templates/_inner_console_markup.html.erb within layouts/inlined_string (0.4ms)
  Rendered /Users/haleighharper/.rvm/gems/ruby-2.1.2/gems/web-console-2.1.2/lib/web_console/templates/_prompt_box_markup.html.erb within layouts/inlined_string (0.3ms)
  Rendered /Users/haleighharper/.rvm/gems/ruby-2.1.2/gems/web-console-2.1.2/lib/web_console/templates/console.js.erb within layouts/javascript (18.3ms)
  Rendered /Users/haleighharper/.rvm/gems/ruby-2.1.2/gems/web-console-2.1.2/lib/web_console/templates/main.js.erb within layouts/javascript (0.3ms)
  Rendered /Users/haleighharper/.rvm/gems/ruby-2.1.2/gems/web-console-2.1.2/lib/web_console/templates/error_page.js.erb within layouts/javascript (139.3ms)
  Rendered /Users/haleighharper/.rvm/gems/ruby-2.1.2/gems/web-console-2.1.2/lib/web_console/templates/index.html.erb (178.4ms)
